\BOOKMARK [0][-]{chapter.1}{Acronyms}{}% 1
\BOOKMARK [0][-]{chapter.2}{Introduction}{}% 2
\BOOKMARK [1][-]{section.2.1}{Purpose \046 Scope}{chapter.2}% 3
\BOOKMARK [1][-]{section.2.2}{Definitions}{chapter.2}% 4
\BOOKMARK [1][-]{section.2.3}{Main Features}{chapter.2}% 5
\BOOKMARK [1][-]{section.2.4}{Download DEC SW}{chapter.2}% 6
\BOOKMARK [0][-]{chapter.3}{Install}{}% 7
\BOOKMARK [1][-]{section.3.1}{Install Environment}{chapter.3}% 8
\BOOKMARK [2][-]{subsection.3.1.1}{Install Ruby}{section.3.1}% 9
\BOOKMARK [1][-]{section.3.2}{Install DEC}{chapter.3}% 10
\BOOKMARK [1][-]{section.3.3}{Uninstall DEC}{chapter.3}% 11
\BOOKMARK [1][-]{section.3.4}{COTS Required}{chapter.3}% 12
\BOOKMARK [2][-]{subsection.3.4.1}{Databases}{section.3.4}% 13
\BOOKMARK [2][-]{subsection.3.4.2}{Network Tools}{section.3.4}% 14
\BOOKMARK [2][-]{subsection.3.4.3}{File Compression Tools}{section.3.4}% 15
\BOOKMARK [2][-]{subsection.3.4.4}{File Transformation Tools}{section.3.4}% 16
\BOOKMARK [1][-]{section.3.5}{Installation Verification}{chapter.3}% 17
\BOOKMARK [2][-]{subsection.3.5.1}{Verification with Unit Tests}{section.3.5}% 18
\BOOKMARK [2][-]{subsection.3.5.2}{Verification with Operational Interface}{section.3.5}% 19
\BOOKMARK [0][-]{chapter.4}{Configuration}{}% 20
\BOOKMARK [1][-]{section.4.1}{General}{chapter.4}% 21
\BOOKMARK [2][-]{subsection.4.1.1}{Workflow}{section.4.1}% 22
\BOOKMARK [2][-]{subsection.4.1.2}{Inventory}{section.4.1}% 23
\BOOKMARK [2][-]{subsection.4.1.3}{Circulation Reports}{section.4.1}% 24
\BOOKMARK [3][-]{subsubsection.4.1.3.1}{Pulled Files}{subsection.4.1.3}% 25
\BOOKMARK [3][-]{subsubsection.4.1.3.2}{Unknown Files}{subsection.4.1.3}% 26
\BOOKMARK [1][-]{section.4.2}{Interfaces}{chapter.4}% 27
\BOOKMARK [2][-]{subsection.4.2.1}{TXRXParams}{section.4.2}% 28
\BOOKMARK [2][-]{subsection.4.2.2}{Server}{section.4.2}% 29
\BOOKMARK [2][-]{subsection.4.2.3}{DeliverByMailTo}{section.4.2}% 30
\BOOKMARK [2][-]{subsection.4.2.4}{Notify}{section.4.2}% 31
\BOOKMARK [2][-]{subsection.4.2.5}{Events}{section.4.2}% 32
\BOOKMARK [1][-]{section.4.3}{Pull circulations}{chapter.4}% 33
\BOOKMARK [2][-]{subsection.4.3.1}{Interface pick-up points}{section.4.3}% 34
\BOOKMARK [3][-]{subsubsection.4.3.1.1}{Pull Switches}{subsection.4.3.1}% 35
\BOOKMARK [2][-]{subsection.4.3.2}{Download rules}{section.4.3}% 36
\BOOKMARK [2][-]{subsection.4.3.3}{Dissemination rules}{section.4.3}% 37
\BOOKMARK [1][-]{section.4.4}{Push circulations}{chapter.4}% 38
\BOOKMARK [2][-]{subsection.4.4.1}{Interface pick-up point}{section.4.4}% 39
\BOOKMARK [2][-]{subsection.4.4.2}{Upload rules}{section.4.4}% 40
\BOOKMARK [2][-]{subsection.4.4.3}{Push Circulations}{section.4.4}% 41
\BOOKMARK [1][-]{section.4.5}{Database}{chapter.4}% 42
\BOOKMARK [2][-]{subsection.4.5.1}{Creation}{section.4.5}% 43
\BOOKMARK [2][-]{subsection.4.5.2}{Configuration of Interfaces}{section.4.5}% 44
\BOOKMARK [2][-]{subsection.4.5.3}{Pushed Files}{section.4.5}% 45
\BOOKMARK [1][-]{section.4.6}{Environment Variables}{chapter.4}% 46
\BOOKMARK [2][-]{subsection.4.6.1}{Database Variables}{section.4.6}% 47
\BOOKMARK [2][-]{subsection.4.6.2}{General Variables}{section.4.6}% 48
\BOOKMARK [2][-]{subsection.4.6.3}{File Transfer for RPF}{section.4.6}% 49
\BOOKMARK [1][-]{section.4.7}{Configuration Verification}{chapter.4}% 50
\BOOKMARK [2][-]{subsection.4.7.1}{Check Interfaces}{section.4.7}% 51
\BOOKMARK [0][-]{chapter.5}{Reference Log Messages}{}% 52
\BOOKMARK [1][-]{section.5.1}{Information Messages}{chapter.5}% 53
\BOOKMARK [2][-]{subsection.5.1.1}{Scope}{section.5.1}% 54
\BOOKMARK [2][-]{subsection.5.1.2}{Index of Messages}{section.5.1}% 55
\BOOKMARK [2][-]{subsection.5.1.3}{[DEC\137005] Interface Polling Start}{section.5.1}% 56
\BOOKMARK [2][-]{subsection.5.1.4}{[DEC\137050] Interface Polling Complete / No File\(s\) Available}{section.5.1}% 57
\BOOKMARK [2][-]{subsection.5.1.5}{[DEC\137060] Interface Polling Complete / New File\(s\) Available}{section.5.1}% 58
\BOOKMARK [2][-]{subsection.5.1.6}{[DEC\137100] Interface Pull Iteration Completed}{section.5.1}% 59
\BOOKMARK [2][-]{subsection.5.1.7}{[DEC\137105] File Available}{section.5.1}% 60
\BOOKMARK [2][-]{subsection.5.1.8}{[DEC\137110] File Downloaded}{section.5.1}% 61
\BOOKMARK [2][-]{subsection.5.1.9}{[DEC\137115] File Disseminated}{section.5.1}% 62
\BOOKMARK [2][-]{subsection.5.1.10}{[DEC\137116] File Compressed}{section.5.1}% 63
\BOOKMARK [2][-]{subsection.5.1.11}{[DEC\137120] Unknown File Deleted}{section.5.1}% 64
\BOOKMARK [2][-]{subsection.5.1.12}{[DEC\137125] Duplicated File Deleted}{section.5.1}% 65
\BOOKMARK [2][-]{subsection.5.1.13}{[DEC\137126] Downloaded File Deleted}{section.5.1}% 66
\BOOKMARK [2][-]{subsection.5.1.14}{[DEC\137130] Event Triggered}{section.5.1}% 67
\BOOKMARK [3][-]{subsubsection.5.1.14.1}{Event newfile2intray}{subsection.5.1.14}% 68
\BOOKMARK [3][-]{subsubsection.5.1.14.2}{Event onreceivenewfilesok}{subsection.5.1.14}% 69
\BOOKMARK [2][-]{subsection.5.1.15}{[DEC\137131] Dissemination Command Execution }{section.5.1}% 70
\BOOKMARK [2][-]{subsection.5.1.16}{[DEC\137144] Pull Statistics}{section.5.1}% 71
\BOOKMARK [2][-]{subsection.5.1.17}{[DEC\137200] Push iteration to Interface completed successfully}{section.5.1}% 72
\BOOKMARK [2][-]{subsection.5.1.18}{[DEC\137203] Request to Push File to Interface started}{section.5.1}% 73
\BOOKMARK [2][-]{subsection.5.1.19}{[DEC\137205] Push Retry to Interface waiting LoopDelay}{section.5.1}% 74
\BOOKMARK [2][-]{subsection.5.1.20}{[DEC\137206] Push Immediate Retry to Re-sending File to Interface waiting LoopDelay}{section.5.1}% 75
\BOOKMARK [2][-]{subsection.5.1.21}{[DEC\137210] File Pushed to Interface}{section.5.1}% 76
\BOOKMARK [2][-]{subsection.5.1.22}{[DEC\137211] Push Setup / File at GlobalOutbox}{section.5.1}% 77
\BOOKMARK [2][-]{subsection.5.1.23}{[DEC\137212] Push Setup / File at Removed from SourceDir}{section.5.1}% 78
\BOOKMARK [2][-]{subsection.5.1.24}{[DEC\137213] Push Setup / File at Interface LocalOutbox}{section.5.1}% 79
\BOOKMARK [2][-]{subsection.5.1.25}{[DEC\137214] Push Setup / File Compressed at Interface LocalOutbox}{section.5.1}% 80
\BOOKMARK [2][-]{subsection.5.1.26}{[DEC\137235] Report Generation DeliveredFiles to Interface}{section.5.1}% 81
\BOOKMARK [2][-]{subsection.5.1.27}{[DEC\137240] Push Email Notification to Interface}{section.5.1}% 82
\BOOKMARK [2][-]{subsection.5.1.28}{[DEC\137241] Push Error Email Notification to Interface}{section.5.1}% 83
\BOOKMARK [2][-]{subsection.5.1.29}{[DEC\137244] Push Statistics}{section.5.1}% 84
\BOOKMARK [1][-]{section.5.2}{Warning Messages}{chapter.5}% 85
\BOOKMARK [2][-]{subsection.5.2.1}{Scope}{section.5.2}% 86
\BOOKMARK [2][-]{subsection.5.2.2}{Index of Messages}{section.5.2}% 87
\BOOKMARK [2][-]{subsection.5.2.3}{[DEC\137301] Duplicated File Available}{section.5.2}% 88
\BOOKMARK [2][-]{subsection.5.2.4}{[DEC\137320] Unknown File Available}{section.5.2}% 89
\BOOKMARK [2][-]{subsection.5.2.5}{[DEC\137330] File Stuck in Temporal Directory}{section.5.2}% 90
\BOOKMARK [2][-]{subsection.5.2.6}{[DEC\137331] File Stuck in LocalInbox Directory}{section.5.2}% 91
\BOOKMARK [2][-]{subsection.5.2.7}{[DEC\137401] File Previously Uploaded}{section.5.2}% 92
\BOOKMARK [2][-]{subsection.5.2.8}{[DEC\137555] File Disseminated Exists}{section.5.2}% 93
\BOOKMARK [2][-]{subsection.5.2.9}{[DEC\137556] Old File Removed}{section.5.2}% 94
\BOOKMARK [1][-]{section.5.3}{Error Messages}{chapter.5}% 95
\BOOKMARK [2][-]{subsection.5.3.1}{Scope}{section.5.3}% 96
\BOOKMARK [2][-]{subsection.5.3.2}{Index of Messages}{section.5.3}% 97
\BOOKMARK [2][-]{subsection.5.3.3}{[DEC\137600] Failed to Pull from Interface}{section.5.3}% 98
\BOOKMARK [2][-]{subsection.5.3.4}{[DEC\137601] Failed to Start Listener for Interface}{section.5.3}% 99
\BOOKMARK [2][-]{subsection.5.3.5}{[DEC\137603] Listener for Interface was not running}{section.5.3}% 100
\BOOKMARK [2][-]{subsection.5.3.6}{[DEC\137605] Pull Miss-Configuration}{section.5.3}% 101
\BOOKMARK [3][-]{subsubsection.5.3.6.1}{Not existing interface in dec\137interfaces.xml }{subsection.5.3.6}% 102
\BOOKMARK [3][-]{subsubsection.5.3.6.2}{Inventory db is not configured / reachable }{subsection.5.3.6}% 103
\BOOKMARK [3][-]{subsubsection.5.3.6.3}{Not registered interface in database }{subsection.5.3.6}% 104
\BOOKMARK [3][-]{subsubsection.5.3.6.4}{Pull flag is disabled in dec\137interfaces.xml }{subsection.5.3.6}% 105
\BOOKMARK [3][-]{subsubsection.5.3.6.5}{I/F LocalInbox not defined in dec\137incoming\137files.xml }{subsection.5.3.6}% 106
\BOOKMARK [2][-]{subsection.5.3.7}{[DEC\137610] Unable to Connect with FTP}{section.5.3}% 107
\BOOKMARK [2][-]{subsection.5.3.8}{[DEC\137611] Pull Server Error Message}{section.5.3}% 108
\BOOKMARK [3][-]{subsubsection.5.3.8.1}{Hostname is unknown}{subsection.5.3.8}% 109
\BOOKMARK [3][-]{subsubsection.5.3.8.2}{Service not enabled by host}{subsection.5.3.8}% 110
\BOOKMARK [3][-]{subsubsection.5.3.8.3}{SSL/TLS not configured by server}{subsection.5.3.8}% 111
\BOOKMARK [3][-]{subsubsection.5.3.8.4}{Failed authentication}{subsection.5.3.8}% 112
\BOOKMARK [2][-]{subsection.5.3.9}{[DEC\137612] Cannot Reach Interface Download Directory}{section.5.3}% 113
\BOOKMARK [2][-]{subsection.5.3.10}{[DEC\137613] Server Error Message }{section.5.3}% 114
\BOOKMARK [2][-]{subsection.5.3.11}{[DEC\137614] Cannot Get URL}{section.5.3}% 115
\BOOKMARK [2][-]{subsection.5.3.12}{[DEC\137615] Failed to list files with FTP}{section.5.3}% 116
\BOOKMARK [2][-]{subsection.5.3.13}{[DEC\137620] Downloaded File not Copied into Final Dir}{section.5.3}% 117
\BOOKMARK [2][-]{subsection.5.3.14}{[DEC\137625] File Move Dissemination Failure}{section.5.3}% 118
\BOOKMARK [2][-]{subsection.5.3.15}{[DEC\137626] File Hard-Link Dissemination Failure}{section.5.3}% 119
\BOOKMARK [2][-]{subsection.5.3.16}{[DEC\137628] Command Execution Failure}{section.5.3}% 120
\BOOKMARK [2][-]{subsection.5.3.17}{[DEC\137666] Download Failure}{section.5.3}% 121
\BOOKMARK [2][-]{subsection.5.3.18}{[DEC\137670] Deletion Failure}{section.5.3}% 122
\BOOKMARK [2][-]{subsection.5.3.19}{[DEC\137700] Push Failure to Interface}{section.5.3}% 123
\BOOKMARK [2][-]{subsection.5.3.20}{[DEC\137703] Push Iteration to Interface is already running}{section.5.3}% 124
\BOOKMARK [2][-]{subsection.5.3.21}{[DEC\137705] Push Miss-Configuration for Interface}{section.5.3}% 125
\BOOKMARK [3][-]{subsubsection.5.3.21.1}{Not existing interface in dec\137interfaces.xml }{subsection.5.3.21}% 126
\BOOKMARK [3][-]{subsubsection.5.3.21.2}{Push flag is disabled in dec\137interfaces.xml }{subsection.5.3.21}% 127
\BOOKMARK [2][-]{subsection.5.3.22}{[DEC\137710] Failed to send file to Interface}{section.5.3}% 128
\BOOKMARK [2][-]{subsection.5.3.23}{[DEC\137711] Cannot Reach SourceDir Sub-Directory}{section.5.3}% 129
\BOOKMARK [2][-]{subsection.5.3.24}{[DEC\137712] Cannot Reach Interface Upload Directory}{section.5.3}% 130
\BOOKMARK [2][-]{subsection.5.3.25}{[DEC\137713] File Hard-link Failure into LocalOutbox}{section.5.3}% 131
\BOOKMARK [2][-]{subsection.5.3.26}{[DEC\137715] Push Server Error Message}{section.5.3}% 132
\BOOKMARK [3][-]{subsubsection.5.3.26.1}{No Write Permission }{subsection.5.3.26}% 133
\BOOKMARK [2][-]{subsection.5.3.27}{[DEC\137740] Failed to Email Push Success Notification to Interface}{section.5.3}% 134
\BOOKMARK [2][-]{subsection.5.3.28}{[DEC\137741] Failed to Email Push Error Notification to Interface}{section.5.3}% 135
\BOOKMARK [2][-]{subsection.5.3.29}{[DEC\137742] Email Server Error}{section.5.3}% 136
\BOOKMARK [3][-]{subsubsection.5.3.29.1}{Credentials Not Accepted}{subsection.5.3.29}% 137
\BOOKMARK [3][-]{subsubsection.5.3.29.2}{SMTP Server Not Known}{subsection.5.3.29}% 138
\BOOKMARK [3][-]{subsubsection.5.3.29.3}{Time-Out / Port Miss-configuration}{subsection.5.3.29}% 139
\BOOKMARK [3][-]{subsubsection.5.3.29.4}{Need TLS / Secure Flag Miss-configuration}{subsection.5.3.29}% 140
\BOOKMARK [2][-]{subsection.5.3.30}{[DEC\137750] Event Error}{section.5.3}% 141
\BOOKMARK [1][-]{section.5.4}{Debug Messages}{chapter.5}% 142
\BOOKMARK [2][-]{subsection.5.4.1}{Scope}{section.5.4}% 143
\BOOKMARK [2][-]{subsection.5.4.2}{Index of Messages}{section.5.4}% 144
\BOOKMARK [2][-]{subsection.5.4.3}{[DEC\137910] Filtering Number of Files in Download Directory}{section.5.4}% 145
\BOOKMARK [2][-]{subsection.5.4.4}{[DEC\137911] Filtering According to Download Rules}{section.5.4}% 146
\BOOKMARK [2][-]{subsection.5.4.5}{[DEC\137912] Filtering Number of Items with Database}{section.5.4}% 147
\BOOKMARK [2][-]{subsection.5.4.6}{[DEC\137913] Filtering File with Database}{section.5.4}% 148
\BOOKMARK [2][-]{subsection.5.4.7}{[DEC\137914] File Found in Database}{section.5.4}% 149
\BOOKMARK [2][-]{subsection.5.4.8}{[DEC\137915] File Previously Not Recorded in Database}{section.5.4}% 150
\BOOKMARK [2][-]{subsection.5.4.9}{[DEC\137941] File Dissemination Command I}{section.5.4}% 151
\BOOKMARK [2][-]{subsection.5.4.10}{[DEC\137942] File Dissemination Command II}{section.5.4}% 152
\BOOKMARK [2][-]{subsection.5.4.11}{[DEC\137951] Removal from LocalInbox upon Dissemination}{section.5.4}% 153
\BOOKMARK [0][-]{chapter.6}{Reference Commands}{}% 154
\BOOKMARK [1][-]{section.6.1}{decCheckConfig}{chapter.6}% 155
\BOOKMARK [1][-]{section.6.2}{decCheckSent}{chapter.6}% 156
\BOOKMARK [1][-]{section.6.3}{decConfigInterface2DB}{chapter.6}% 157
\BOOKMARK [1][-]{section.6.4}{decDeliverFiles}{chapter.6}% 158
\BOOKMARK [1][-]{section.6.5}{decGetFiles4Transfer}{chapter.6}% 159
\BOOKMARK [1][-]{section.6.6}{decGetFromInterface}{chapter.6}% 160
\BOOKMARK [1][-]{section.6.7}{decListener}{chapter.6}% 161
\BOOKMARK [1][-]{section.6.8}{decManageDB}{chapter.6}% 162
\BOOKMARK [1][-]{section.6.9}{decNotify2Interface}{chapter.6}% 163
\BOOKMARK [1][-]{section.6.10}{decSend2Interface}{chapter.6}% 164
\BOOKMARK [1][-]{section.6.11}{decSmokeTests}{chapter.6}% 165
\BOOKMARK [1][-]{section.6.12}{decStats}{chapter.6}% 166
\BOOKMARK [1][-]{section.6.13}{decUnitTests}{chapter.6}% 167
\BOOKMARK [1][-]{section.6.14}{decUnitTests\137IERS}{chapter.6}% 168
\BOOKMARK [1][-]{section.6.15}{decValidateConfig}{chapter.6}% 169
\BOOKMARK [0][-]{appendix.A}{General Configuration}{}% 170
\BOOKMARK [1][-]{section.A.1}{General Configuration}{appendix.A}% 171
\BOOKMARK [1][-]{section.A.2}{Example dec\137config.xml}{appendix.A}% 172
\BOOKMARK [0][-]{appendix.B}{Interfaces Configuration}{}% 173
\BOOKMARK [1][-]{section.B.1}{Interface Configuration}{appendix.B}% 174
\BOOKMARK [1][-]{section.B.2}{Example dec\137interfaces.xml}{appendix.B}% 175
\BOOKMARK [0][-]{appendix.C}{Pull Circulations Configuration}{}% 176
\BOOKMARK [1][-]{section.C.1}{General Configuration}{appendix.C}% 177
\BOOKMARK [1][-]{section.C.2}{Example dec\137incoming\137files.xml}{appendix.C}% 178
\BOOKMARK [0][-]{appendix.D}{Log Configuration}{}% 179
\BOOKMARK [1][-]{section.D.1}{Log4r Configuration}{appendix.D}% 180
\BOOKMARK [2][-]{subsection.D.1.1}{Rolling File Outputter}{section.D.1}% 181
\BOOKMARK [2][-]{subsection.D.1.2}{Server}{section.D.1}% 182
\BOOKMARK [1][-]{section.D.2}{Example dec\137log\137config.xml}{appendix.D}% 183
