This is XeTeX, Version 3.14159265-2.6-0.999991 (TeX Live 2019) (preloaded format=xelatex 2019.12.2)  6 JUN 2022 11:59
entering extended mode
 restricted \write18 enabled.
 %&-line parsing enabled.
**dec_sum_main.tex
(./dec_sum_main.tex
LaTeX2e <2018-12-01>
(/usr/local/texlive/2019/texmf-dist/tex/latex/base/book.cls
Document Class: book 2018/09/03 v1.4i Standard LaTeX document class
(/usr/local/texlive/2019/texmf-dist/tex/latex/base/bk10.clo
File: bk10.clo 2018/09/03 v1.4i Standard LaTeX file (size option)
)
\c@part=\count80
\c@chapter=\count81
\c@section=\count82
\c@subsection=\count83
\c@subsubsection=\count84
\c@paragraph=\count85
\c@subparagraph=\count86
\c@figure=\count87
\c@table=\count88
\abovecaptionskip=\skip41
\belowcaptionskip=\skip42
\bibindent=\dimen102
)
(/usr/local/texlive/2019/texmf-dist/tex/latex/base/inputenc.sty
Package: inputenc 2018/08/11 v1.3c Input encoding file
\inpenc@prehook=\toks14
\inpenc@posthook=\toks15


Package inputenc Warning: inputenc package ignored with utf8 based engines.

) (/usr/local/texlive/2019/texmf-dist/tex/generic/babel/babel.sty
Package: babel 2019/05/04 3.31 The Babel package

(/usr/local/texlive/2019/texmf-dist/tex/generic/babel/switch.def
File: switch.def 2019/05/04 3.31 Babel switching mechanism
)
(/usr/local/texlive/2019/texmf-dist/tex/generic/babel-english/english.ldf
Language: english 2017/06/06 v3.3r English support from the babel system

(/usr/local/texlive/2019/texmf-dist/tex/generic/babel/babel.def
File: babel.def 2019/05/04 3.31 Babel common definitions
\babel@savecnt=\count89
\U@D=\dimen103

(/usr/local/texlive/2019/texmf-dist/tex/generic/babel/xebabel.def
(/usr/local/texlive/2019/texmf-dist/tex/generic/babel/txtbabel.def))
\bbl@dirlevel=\count90
)
\l@canadian = a dialect from \language\l@american 
\l@australian = a dialect from \language\l@british 
\l@newzealand = a dialect from \language\l@british 
))
(/usr/local/texlive/2019/texmf-dist/tex/latex/geometry/geometry.sty
Package: geometry 2018/04/16 v5.8 Page Geometry

(/usr/local/texlive/2019/texmf-dist/tex/latex/graphics/keyval.sty
Package: keyval 2014/10/28 v1.15 key=value parser (DPC)
\KV@toks@=\toks16
)
(/usr/local/texlive/2019/texmf-dist/tex/generic/oberdiek/ifpdf.sty
Package: ifpdf 2018/09/07 v3.3 Provides the ifpdf switch
)
(/usr/local/texlive/2019/texmf-dist/tex/generic/oberdiek/ifvtex.sty
Package: ifvtex 2016/05/16 v1.6 Detect VTeX and its facilities (HO)
Package ifvtex Info: VTeX not detected.
)
(/usr/local/texlive/2019/texmf-dist/tex/generic/ifxetex/ifxetex.sty
Package: ifxetex 2010/09/12 v0.6 Provides ifxetex conditional
)
\Gm@cnth=\count91
\Gm@cntv=\count92
\c@Gm@tempcnt=\count93
\Gm@bindingoffset=\dimen104
\Gm@wd@mp=\dimen105
\Gm@odd@mp=\dimen106
\Gm@even@mp=\dimen107
\Gm@layoutwidth=\dimen108
\Gm@layoutheight=\dimen109
\Gm@layouthoffset=\dimen110
\Gm@layoutvoffset=\dimen111
\Gm@dimlist=\toks17
)
(/usr/local/texlive/2019/texmf-dist/tex/latex/tools/array.sty
Package: array 2018/12/30 v2.4k Tabular extension package (FMi)
\col@sep=\dimen112
\ar@mcellbox=\box27
\extrarowheight=\dimen113
\NC@list=\toks18
\extratabsurround=\skip43
\backup@length=\skip44
\ar@cellbox=\box28
)
(/usr/local/texlive/2019/texmf-dist/tex/latex/base/alltt.sty
Package: alltt 1997/06/16 v2.0g defines alltt environment
)
(/usr/local/texlive/2019/texmf-dist/tex/latex/enumitem/enumitem.sty
Package: enumitem 2019/02/04 v3.8 Customized lists
\labelindent=\skip45
\enit@outerparindent=\dimen114
\enit@toks=\toks19
\enit@inbox=\box29
\enit@count@id=\count94
\enitdp@description=\count95
)
(/usr/local/texlive/2019/texmf-dist/tex/latex/graphics/graphicx.sty
Package: graphicx 2017/06/01 v1.1a Enhanced LaTeX Graphics (DPC,SPQR)

(/usr/local/texlive/2019/texmf-dist/tex/latex/graphics/graphics.sty
Package: graphics 2017/06/25 v1.2c Standard LaTeX Graphics (DPC,SPQR)

(/usr/local/texlive/2019/texmf-dist/tex/latex/graphics/trig.sty
Package: trig 2016/01/03 v1.10 sin cos tan (DPC)
)
(/usr/local/texlive/2019/texmf-dist/tex/latex/graphics-cfg/graphics.cfg
File: graphics.cfg 2016/06/04 v1.11 sample graphics configuration
)
Package graphics Info: Driver file: xetex.def on input line 99.

(/usr/local/texlive/2019/texmf-dist/tex/latex/graphics-def/xetex.def
File: xetex.def 2017/06/24 v5.0h Graphics/color driver for xetex
))
\Gin@req@height=\dimen115
\Gin@req@width=\dimen116
)
(/usr/local/texlive/2019/texmf-dist/tex/latex/eso-pic/eso-pic.sty
Package: eso-pic 2018/04/12 v2.0h eso-pic (RN)

(/usr/local/texlive/2019/texmf-dist/tex/generic/oberdiek/atbegshi.sty
Package: atbegshi 2016/06/09 v1.18 At begin shipout hook (HO)

(/usr/local/texlive/2019/texmf-dist/tex/generic/oberdiek/infwarerr.sty
Package: infwarerr 2016/05/16 v1.4 Providing info/warning/error messages (HO)
)
(/usr/local/texlive/2019/texmf-dist/tex/generic/oberdiek/ltxcmds.sty
Package: ltxcmds 2016/05/16 v1.23 LaTeX kernel commands for general use (HO)
))
(/usr/local/texlive/2019/texmf-dist/tex/latex/xcolor/xcolor.sty
Package: xcolor 2016/05/11 v2.12 LaTeX color extensions (UK)

(/usr/local/texlive/2019/texmf-dist/tex/latex/graphics-cfg/color.cfg
File: color.cfg 2016/01/02 v1.6 sample color configuration
)
Package xcolor Info: Driver file: xetex.def on input line 225.
Package xcolor Info: Model `cmy' substituted by `cmy0' on input line 1348.
Package xcolor Info: Model `RGB' extended on input line 1364.
Package xcolor Info: Model `HTML' substituted by `rgb' on input line 1366.
Package xcolor Info: Model `Hsb' substituted by `hsb' on input line 1367.
Package xcolor Info: Model `tHsb' substituted by `hsb' on input line 1368.
Package xcolor Info: Model `HSB' substituted by `hsb' on input line 1369.
Package xcolor Info: Model `Gray' substituted by `gray' on input line 1370.
Package xcolor Info: Model `wave' substituted by `hsb' on input line 1371.
))
(/usr/local/texlive/2019/texmf-dist/tex/latex/hyperref/hyperref.sty
Package: hyperref 2018/11/30 v6.88e Hypertext links for LaTeX

(/usr/local/texlive/2019/texmf-dist/tex/generic/oberdiek/hobsub-hyperref.sty
Package: hobsub-hyperref 2016/05/16 v1.14 Bundle oberdiek, subset hyperref (HO)


(/usr/local/texlive/2019/texmf-dist/tex/generic/oberdiek/hobsub-generic.sty
Package: hobsub-generic 2016/05/16 v1.14 Bundle oberdiek, subset generic (HO)
Package: hobsub 2016/05/16 v1.14 Construct package bundles (HO)
Package hobsub Info: Skipping package `infwarerr' (already loaded).
Package hobsub Info: Skipping package `ltxcmds' (already loaded).
Package: ifluatex 2016/05/16 v1.4 Provides the ifluatex switch (HO)
Package ifluatex Info: LuaTeX not detected.
Package hobsub Info: Skipping package `ifvtex' (already loaded).
Package: intcalc 2016/05/16 v1.2 Expandable calculations with integers (HO)
Package hobsub Info: Skipping package `ifpdf' (already loaded).
Package: etexcmds 2016/05/16 v1.6 Avoid name clashes with e-TeX commands (HO)
Package: kvsetkeys 2016/05/16 v1.17 Key value parser (HO)
Package: kvdefinekeys 2016/05/16 v1.4 Define keys (HO)
Package: pdftexcmds 2018/09/10 v0.29 Utility functions of pdfTeX for LuaTeX (HO
)
Package pdftexcmds Info: LuaTeX not detected.
Package pdftexcmds Info: pdfTeX >= 1.30 not detected.
Package pdftexcmds Info: \pdf@primitive is available.
Package pdftexcmds Info: \pdf@ifprimitive is available.
Package pdftexcmds Info: \pdfdraftmode not found.
Package: pdfescape 2016/05/16 v1.14 Implements pdfTeX's escape features (HO)
Package: bigintcalc 2016/05/16 v1.4 Expandable calculations on big integers (HO
)
Package: bitset 2016/05/16 v1.2 Handle bit-vector datatype (HO)
Package: uniquecounter 2016/05/16 v1.3 Provide unlimited unique counter (HO)
)
Package hobsub Info: Skipping package `hobsub' (already loaded).
Package: letltxmacro 2016/05/16 v1.5 Let assignment for LaTeX macros (HO)
Package: hopatch 2016/05/16 v1.3 Wrapper for package hooks (HO)
Package: xcolor-patch 2016/05/16 xcolor patch
Package: atveryend 2016/05/16 v1.9 Hooks at the very end of document (HO)
Package atveryend Info: \enddocument detected (standard20110627).
Package hobsub Info: Skipping package `atbegshi' (already loaded).
Package: refcount 2016/05/16 v3.5 Data extraction from label references (HO)
Package: hycolor 2016/05/16 v1.8 Color options for hyperref/bookmark (HO)
)
(/usr/local/texlive/2019/texmf-dist/tex/latex/oberdiek/auxhook.sty
Package: auxhook 2016/05/16 v1.4 Hooks for auxiliary files (HO)
)
(/usr/local/texlive/2019/texmf-dist/tex/latex/oberdiek/kvoptions.sty
Package: kvoptions 2016/05/16 v3.12 Key value format for package options (HO)
)
\@linkdim=\dimen117
\Hy@linkcounter=\count96
\Hy@pagecounter=\count97

(/usr/local/texlive/2019/texmf-dist/tex/latex/hyperref/pd1enc.def
File: pd1enc.def 2018/11/30 v6.88e Hyperref: PDFDocEncoding definition (HO)
)
\Hy@SavedSpaceFactor=\count98

(/usr/local/texlive/2019/texmf-dist/tex/latex/latexconfig/hyperref.cfg
File: hyperref.cfg 2002/06/06 v1.2 hyperref configuration of TeXLive
)
Package hyperref Info: Hyper figures OFF on input line 4519.
Package hyperref Info: Link nesting OFF on input line 4524.
Package hyperref Info: Hyper index ON on input line 4527.
Package hyperref Info: Plain pages OFF on input line 4534.
Package hyperref Info: Backreferencing OFF on input line 4539.
Package hyperref Info: Implicit mode ON; LaTeX internals redefined.
Package hyperref Info: Bookmarks ON on input line 4772.
\c@Hy@tempcnt=\count99

(/usr/local/texlive/2019/texmf-dist/tex/latex/url/url.sty
\Urlmuskip=\muskip10
Package: url 2013/09/16  ver 3.4  Verb mode for urls, etc.
)
LaTeX Info: Redefining \url on input line 5125.
\XeTeXLinkMargin=\dimen118
\Fld@menulength=\count100
\Field@Width=\dimen119
\Fld@charsize=\dimen120
Package hyperref Info: Hyper figures OFF on input line 6380.
Package hyperref Info: Link nesting OFF on input line 6385.
Package hyperref Info: Hyper index ON on input line 6388.
Package hyperref Info: backreferencing OFF on input line 6395.
Package hyperref Info: Link coloring OFF on input line 6400.
Package hyperref Info: Link coloring with OCG OFF on input line 6405.
Package hyperref Info: PDF/A mode OFF on input line 6410.
LaTeX Info: Redefining \ref on input line 6450.
LaTeX Info: Redefining \pageref on input line 6454.
\Hy@abspage=\count101
\c@Item=\count102
\c@Hfootnote=\count103
)
Package hyperref Info: Driver (autodetected): hxetex.

(/usr/local/texlive/2019/texmf-dist/tex/latex/hyperref/hxetex.def
File: hxetex.def 2018/11/30 v6.88e Hyperref driver for XeTeX

(/usr/local/texlive/2019/texmf-dist/tex/latex/hyperref/puenc.def
File: puenc.def 2018/11/30 v6.88e Hyperref: PDF Unicode definition (HO)
)
(/usr/local/texlive/2019/texmf-dist/tex/generic/oberdiek/stringenc.sty
Package: stringenc 2016/05/16 v1.11 Convert strings between diff. encodings (HO
)
)
\pdfm@box=\box30
\c@Hy@AnnotLevel=\count104
\HyField@AnnotCount=\count105
\Fld@listcount=\count106
\c@bookmark@seq@number=\count107

(/usr/local/texlive/2019/texmf-dist/tex/latex/oberdiek/rerunfilecheck.sty
Package: rerunfilecheck 2016/05/16 v1.8 Rerun checks for auxiliary files (HO)
Package uniquecounter Info: New unique counter `rerunfilecheck' on input line 2
82.
)
\Hy@SectionHShift=\skip46
)
(/usr/local/texlive/2019/texmf-dist/tex/latex/listings/listings.sty
\lst@mode=\count108
\lst@gtempboxa=\box31
\lst@token=\toks20
\lst@length=\count109
\lst@currlwidth=\dimen121
\lst@column=\count110
\lst@pos=\count111
\lst@lostspace=\dimen122
\lst@width=\dimen123
\lst@newlines=\count112
\lst@lineno=\count113
\lst@maxwidth=\dimen124

(/usr/local/texlive/2019/texmf-dist/tex/latex/listings/lstmisc.sty
File: lstmisc.sty 2019/02/27 1.8b (Carsten Heinz)
\c@lstnumber=\count114
\lst@skipnumbers=\count115
\lst@framebox=\box32
)
(/usr/local/texlive/2019/texmf-dist/tex/latex/listings/listings.cfg
File: listings.cfg 2019/02/27 1.8b listings configuration
))
Package: listings 2019/02/27 1.8b (Carsten Heinz)

(/usr/local/texlive/2019/texmf-dist/tex/latex/tools/longtable.sty
Package: longtable 2014/10/28 v4.11 Multi-page Table package (DPC)+ FMi change
\LTleft=\skip47
\LTright=\skip48
\LTpre=\skip49
\LTpost=\skip50
\LTchunksize=\count116
\LTcapwidth=\dimen125
\LT@head=\box33
\LT@firsthead=\box34
\LT@foot=\box35
\LT@lastfoot=\box36
\LT@cols=\count117
\LT@rows=\count118
\c@LT@tables=\count119
\c@LT@chunks=\count120
\LT@p@ftn=\toks21
)
(/usr/local/texlive/2019/texmf-dist/tex/latex/titlepic/titlepic.sty
Package: titlepic 2017/03/14 1.2 Package to display a picture on the title page

)
(/usr/local/texlive/2019/texmf-dist/tex/latex/titlesec/titlesec.sty
Package: titlesec 2016/03/21 v2.10.2 Sectioning titles
\ttl@box=\box37
\beforetitleunit=\skip51
\aftertitleunit=\skip52
\ttl@plus=\dimen126
\ttl@minus=\dimen127
\ttl@toksa=\toks22
\titlewidth=\dimen128
\titlewidthlast=\dimen129
\titlewidthfirst=\dimen130
)
(/usr/local/texlive/2019/texmf-dist/tex/latex/blindtext/blindtext.sty
Package: blindtext 2012/01/06 V2.0 blindtext-Package

(/usr/local/texlive/2019/texmf-dist/tex/latex/tools/xspace.sty
Package: xspace 2014/10/28 v1.13 Space after command names (DPC,MH)
)
\c@blindtext=\count121
\c@Blindtext=\count122
\c@blind@countparstart=\count123
\blind@countxx=\count124
\blindtext@numBlindtext=\count125
\blind@countyy=\count126
\c@blindlist=\count127
\c@blindlistlevel=\count128
\c@blindlist@level=\count129
\blind@listitem=\count130
\c@blind@listcount=\count131
\c@blind@levelcount=\count132
\blind@mathformula=\count133
\blind@Mathformula=\count134
\c@blind@randomcount=\count135
\c@blind@randommax=\count136
\c@blind@pangramcount=\count137
\c@blind@pangrammax=\count138
)
(/usr/local/texlive/2019/texmf-dist/tex/latex/titling/titling.sty
Package: titling 2009/09/04 v2.1d maketitle typesetting
\thanksmarkwidth=\skip53
\thanksmargin=\skip54
\droptitle=\skip55
)
(/usr/local/texlive/2019/texmf-dist/tex/latex/fancyvrb/fancyvrb.sty
Package: fancyvrb 2019/01/15

Style option: `fancyvrb' v3.2a <2019/01/15> (tvz)
\FV@CodeLineNo=\count139
\FV@InFile=\read1
\FV@TabBox=\box38
\c@FancyVerbLine=\count140
\FV@StepNumber=\count141
\FV@OutFile=\write3
)
(/usr/local/texlive/2019/texmf-dist/tex/latex/verbatimbox/verbatimbox.sty
Package: verbatimbox 2014/03/12 v3.13 Routines for placing verbatim text into b
oxes, useful in places where the verbatim environment is inaccessible. Secondar
ily, for adding vertical buffer around an object.

(/usr/local/texlive/2019/texmf-dist/tex/latex/tools/verbatim.sty
Package: verbatim 2014/10/28 v1.5q LaTeX2e package for verbatim enhancements
\every@verbatim=\toks23
\verbatim@line=\toks24
\verbatim@in@stream=\read2
)
(/usr/local/texlive/2019/texmf-dist/tex/latex/readarray/readarray.sty
Package: readarray 2016/11/07\ 2.0\ Routines for inputting 2D and 3D array data
 and recalling it on an element-by-element basis.

(/usr/local/texlive/2019/texmf-dist/tex/latex/base/ifthen.sty
Package: ifthen 2014/09/29 v1.1c Standard LaTeX ifthen package (DPC)
)
(/usr/local/texlive/2019/texmf-dist/tex/generic/listofitems/listofitems.sty
(/usr/local/texlive/2019/texmf-dist/tex/generic/listofitems/listofitems.tex
Invalid UTF-8 byte or sequence at line 50 replaced by U+FFFD.
Invalid UTF-8 byte or sequence at line 50 replaced by U+FFFD.
Invalid UTF-8 byte or sequence at line 90 replaced by U+FFFD.
Invalid UTF-8 byte or sequence at line 90 replaced by U+FFFD.
\loi_cnt_foreach_nest=\count142
Invalid UTF-8 byte or sequence at line 132 replaced by U+FFFD.
Invalid UTF-8 byte or sequence at line 139 replaced by U+FFFD.
Invalid UTF-8 byte or sequence at line 185 replaced by U+FFFD.
Invalid UTF-8 byte or sequence at line 202 replaced by U+FFFD.
Invalid UTF-8 byte or sequence at line 202 replaced by U+FFFD.
Invalid UTF-8 byte or sequence at line 211 replaced by U+FFFD.
Invalid UTF-8 byte or sequence at line 211 replaced by U+FFFD.
Invalid UTF-8 byte or sequence at line 212 replaced by U+FFFD.
Invalid UTF-8 byte or sequence at line 212 replaced by U+FFFD.
Invalid UTF-8 byte or sequence at line 213 replaced by U+FFFD.
Invalid UTF-8 byte or sequence at line 215 replaced by U+FFFD.
Invalid UTF-8 byte or sequence at line 215 replaced by U+FFFD.
Invalid UTF-8 byte or sequence at line 227 replaced by U+FFFD.
Invalid UTF-8 byte or sequence at line 232 replaced by U+FFFD.
Invalid UTF-8 byte or sequence at line 232 replaced by U+FFFD.
Invalid UTF-8 byte or sequence at line 246 replaced by U+FFFD.
Invalid UTF-8 byte or sequence at line 260 replaced by U+FFFD.
Invalid UTF-8 byte or sequence at line 273 replaced by U+FFFD.
Invalid UTF-8 byte or sequence at line 273 replaced by U+FFFD.
Invalid UTF-8 byte or sequence at line 273 replaced by U+FFFD.
Invalid UTF-8 byte or sequence at line 290 replaced by U+FFFD.
Invalid UTF-8 byte or sequence at line 290 replaced by U+FFFD.
Invalid UTF-8 byte or sequence at line 304 replaced by U+FFFD.
Invalid UTF-8 byte or sequence at line 317 replaced by U+FFFD.
Invalid UTF-8 byte or sequence at line 317 replaced by U+FFFD.
Invalid UTF-8 byte or sequence at line 319 replaced by U+FFFD.
Invalid UTF-8 byte or sequence at line 330 replaced by U+FFFD.
Invalid UTF-8 byte or sequence at line 330 replaced by U+FFFD.
Invalid UTF-8 byte or sequence at line 330 replaced by U+FFFD.
Invalid UTF-8 byte or sequence at line 334 replaced by U+FFFD.
\loi_nestcnt=\count143
Invalid UTF-8 byte or sequence at line 347 replaced by U+FFFD.
Invalid UTF-8 byte or sequence at line 347 replaced by U+FFFD.
Invalid UTF-8 byte or sequence at line 347 replaced by U+FFFD.
Invalid UTF-8 byte or sequence at line 347 replaced by U+FFFD.
Invalid UTF-8 byte or sequence at line 353 replaced by U+FFFD.
Invalid UTF-8 byte or sequence at line 354 replaced by U+FFFD.
Invalid UTF-8 byte or sequence at line 375 replaced by U+FFFD.
Invalid UTF-8 byte or sequence at line 375 replaced by U+FFFD.
Invalid UTF-8 byte or sequence at line 376 replaced by U+FFFD.
Invalid UTF-8 byte or sequence at line 376 replaced by U+FFFD.
Invalid UTF-8 byte or sequence at line 376 replaced by U+FFFD.
Invalid UTF-8 byte or sequence at line 376 replaced by U+FFFD.
Invalid UTF-8 byte or sequence at line 376 replaced by U+FFFD.
Invalid UTF-8 byte or sequence at line 376 replaced by U+FFFD.
Invalid UTF-8 byte or sequence at line 386 replaced by U+FFFD.
Invalid UTF-8 byte or sequence at line 387 replaced by U+FFFD.
Invalid UTF-8 byte or sequence at line 387 replaced by U+FFFD.
Invalid UTF-8 byte or sequence at line 387 replaced by U+FFFD.
Invalid UTF-8 byte or sequence at line 387 replaced by U+FFFD.
Invalid UTF-8 byte or sequence at line 388 replaced by U+FFFD.
Invalid UTF-8 byte or sequence at line 388 replaced by U+FFFD.
Invalid UTF-8 byte or sequence at line 388 replaced by U+FFFD.
Invalid UTF-8 byte or sequence at line 388 replaced by U+FFFD.
Invalid UTF-8 byte or sequence at line 388 replaced by U+FFFD.
Invalid UTF-8 byte or sequence at line 388 replaced by U+FFFD.
Invalid UTF-8 byte or sequence at line 391 replaced by U+FFFD.
Invalid UTF-8 byte or sequence at line 399 replaced by U+FFFD.
Invalid UTF-8 byte or sequence at line 399 replaced by U+FFFD.
Invalid UTF-8 byte or sequence at line 403 replaced by U+FFFD.
Invalid UTF-8 byte or sequence at line 405 replaced by U+FFFD.
Invalid UTF-8 byte or sequence at line 416 replaced by U+FFFD.
Invalid UTF-8 byte or sequence at line 416 replaced by U+FFFD.
Invalid UTF-8 byte or sequence at line 417 replaced by U+FFFD.
Invalid UTF-8 byte or sequence at line 418 replaced by U+FFFD.
Invalid UTF-8 byte or sequence at line 418 replaced by U+FFFD.
Invalid UTF-8 byte or sequence at line 418 replaced by U+FFFD.
Invalid UTF-8 byte or sequence at line 421 replaced by U+FFFD.
Invalid UTF-8 byte or sequence at line 421 replaced by U+FFFD.
Invalid UTF-8 byte or sequence at line 421 replaced by U+FFFD.
Invalid UTF-8 byte or sequence at line 423 replaced by U+FFFD.
Invalid UTF-8 byte or sequence at line 423 replaced by U+FFFD.
Invalid UTF-8 byte or sequence at line 425 replaced by U+FFFD.
Invalid UTF-8 byte or sequence at line 426 replaced by U+FFFD.
Invalid UTF-8 byte or sequence at line 430 replaced by U+FFFD.
Invalid UTF-8 byte or sequence at line 430 replaced by U+FFFD.
Invalid UTF-8 byte or sequence at line 433 replaced by U+FFFD.
Invalid UTF-8 byte or sequence at line 433 replaced by U+FFFD.
Invalid UTF-8 byte or sequence at line 445 replaced by U+FFFD.
Invalid UTF-8 byte or sequence at line 448 replaced by U+FFFD.
Invalid UTF-8 byte or sequence at line 465 replaced by U+FFFD.
Invalid UTF-8 byte or sequence at line 481 replaced by U+FFFD.
Invalid UTF-8 byte or sequence at line 481 replaced by U+FFFD.
Invalid UTF-8 byte or sequence at line 482 replaced by U+FFFD.
Invalid UTF-8 byte or sequence at line 482 replaced by U+FFFD.
Invalid UTF-8 byte or sequence at line 492 replaced by U+FFFD.
Invalid UTF-8 byte or sequence at line 514 replaced by U+FFFD.
Invalid UTF-8 byte or sequence at line 514 replaced by U+FFFD.
)
Package: listofitems 2019/03/03 v1.61 Grab items in lists using user-specified 
sep char (CT)
)
\c@@index=\count144
\c@@plane=\count145
\c@@row=\count146
\c@@col=\count147
\c@use@args=\count148
\c@@record=\count149
\c@arg@index=\count150
\c@break@count=\count151
\c@index@count=\count152
\c@loop@count=\count153
\Arg@toks=\toks25
\@arrayident@toks=\toks26
\rdar@file=\read3

readarray: bounds checking OFF
)
\savedverbbox=\box39
\c@VerbboxLineNo=\count154
\boxtopsep=\dimen131
\boxbottomsep=\dimen132
\ps@tempdima=\dimen133
\ps@tempboxa=\box40
\boxtop@sep=\skip56
\boxbottom@sep=\skip57
) (/usr/local/texlive/2019/texmf-dist/tex/latex/dashrule/dashrule.sty
Package: dashrule 2013/03/28 v1.3 Dashed rules

(/usr/local/texlive/2019/texmf-dist/tex/latex/ifmtarg/ifmtarg.sty
Package: ifmtarg 2018/04/16 v1.2b check for an empty argument
)
\c@hdr@segments=\count155
)
(/usr/local/texlive/2019/texmf-dist/tex/latex/fancyhdr/fancyhdr.sty
Package: fancyhdr 2019/01/31 v3.10 Extensive control of page headers and footer
s
\f@nch@headwidth=\skip58
\f@nch@O@elh=\skip59
\f@nch@O@erh=\skip60
\f@nch@O@olh=\skip61
\f@nch@O@orh=\skip62
\f@nch@O@elf=\skip63
\f@nch@O@erf=\skip64
\f@nch@O@olf=\skip65
\f@nch@O@orf=\skip66
)
(/usr/local/texlive/2019/texmf-dist/tex/latex/oberdiek/pdflscape.sty
Package: pdflscape 2016/05/14 v0.11 Display of landscape pages in PDF (HO)

(/usr/local/texlive/2019/texmf-dist/tex/latex/graphics/lscape.sty
Package: lscape 2000/10/22 v3.01 Landscape Pages (DPC)
)
Package pdflscape Info: Auto-detected driver: dvipdfm (xetex) on input line 99.

)
(/usr/local/texlive/2019/texmf-dist/tex/latex/wasysym/wasysym.sty
Package: wasysym 2003/10/30 v2.0 Wasy-2 symbol support package
\symwasy=\mathgroup4
LaTeX Font Info:    Overwriting symbol font `wasy' in version `bold'
(Font)                  U/wasy/m/n --> U/wasy/b/n on input line 90.
)
(/usr/local/texlive/2019/texmf-dist/tex/latex/subfiles/subfiles.sty
Package: subfiles 2018/07/31 Federico Garcia, Gernot Salzer
)
(/usr/local/texlive/2019/texmf-dist/tex/generic/oberdiek/se-ascii-print.def
File: se-ascii-print.def 2016/05/16 v1.11 stringenc: Printable ASCII characters

)

LaTeX Warning: Unused global option(s):
    [headings=optiontoheadandtoc].

(./dec_sum_main.aux)
\openout1 = `dec_sum_main.aux'.

LaTeX Font Info:    Checking defaults for OML/cmm/m/it on input line 95.
LaTeX Font Info:    ... okay on input line 95.
LaTeX Font Info:    Checking defaults for T1/cmr/m/n on input line 95.
LaTeX Font Info:    ... okay on input line 95.
LaTeX Font Info:    Checking defaults for OT1/cmr/m/n on input line 95.
LaTeX Font Info:    ... okay on input line 95.
LaTeX Font Info:    Checking defaults for OMS/cmsy/m/n on input line 95.
LaTeX Font Info:    ... okay on input line 95.
LaTeX Font Info:    Checking defaults for TU/lmr/m/n on input line 95.
LaTeX Font Info:    ... okay on input line 95.
LaTeX Font Info:    Checking defaults for OMX/cmex/m/n on input line 95.
LaTeX Font Info:    ... okay on input line 95.
LaTeX Font Info:    Checking defaults for U/cmr/m/n on input line 95.
LaTeX Font Info:    ... okay on input line 95.
LaTeX Font Info:    Checking defaults for PD1/pdf/m/n on input line 95.
LaTeX Font Info:    ... okay on input line 95.
LaTeX Font Info:    Checking defaults for PU/pdf/m/n on input line 95.
LaTeX Font Info:    ... okay on input line 95.

*geometry* driver: auto-detecting
*geometry* detected driver: xetex
*geometry* verbose mode - [ preamble ] result:
* driver: xetex
* paper: a4paper
* layout: <same size as paper>
* layoutoffset:(h,v)=(0.0pt,0.0pt)
* modes: 
* h-part:(L,W,R)=(89.62709pt, 418.25368pt, 89.6271pt)
* v-part:(T,H,B)=(101.40665pt, 591.5302pt, 152.11pt)
* \paperwidth=597.50787pt
* \paperheight=845.04684pt
* \textwidth=418.25368pt
* \textheight=591.5302pt
* \oddsidemargin=17.3571pt
* \evensidemargin=17.3571pt
* \topmargin=-0.93083pt
* \headheight=12.0pt
* \headsep=18.06749pt
* \topskip=10.0pt
* \footskip=25.29494pt
* \marginparwidth=61.0pt
* \marginparsep=7.0pt
* \columnsep=10.0pt
* \skip\footins=9.0pt plus 4.0pt minus 2.0pt
* \hoffset=0.0pt
* \voffset=0.0pt
* \mag=1000
* \@twocolumnfalse
* \@twosidefalse
* \@mparswitchfalse
* \@reversemarginfalse
* (1in=72.27pt=25.4mm, 1cm=28.453pt)

\AtBeginShipoutBox=\box41
Package hyperref Info: Link coloring OFF on input line 95.
(/usr/local/texlive/2019/texmf-dist/tex/latex/hyperref/nameref.sty
Package: nameref 2016/05/21 v2.44 Cross-referencing by name of section

(/usr/local/texlive/2019/texmf-dist/tex/generic/oberdiek/gettitlestring.sty
Package: gettitlestring 2016/05/16 v1.5 Cleanup title references (HO)
)
\c@section@level=\count156
)
LaTeX Info: Redefining \ref on input line 95.
LaTeX Info: Redefining \pageref on input line 95.
LaTeX Info: Redefining \nameref on input line 95.

(./dec_sum_main.out) (./dec_sum_main.out)
\@outlinefile=\write4
\openout4 = `dec_sum_main.out'.

\c@lstlisting=\count157
File: ../res/logo_elecnor_deimos.png Graphic file (type bmp)
<../res/logo_elecnor_deimos.png>
File: ../res/DEC_Logo_White.png Graphic file (type bmp)
<../res/DEC_Logo_White.png>
 [1


] (./dec_sum_main.toc
LaTeX Font Info:    External font `cmex10' loaded for size
(Font)              <7> on input line 4.
LaTeX Font Info:    External font `cmex10' loaded for size
(Font)              <5> on input line 4.
LaTeX Font Info:    Try loading font information for U+wasy on input line 4.

(/usr/local/texlive/2019/texmf-dist/tex/latex/wasysym/uwasy.fd
File: uwasy.fd 2003/10/30 v2.0 Wasy-2 symbol font definitions
) [1

]
File: ../res/logo_elecnor_deimos.png Graphic file (type bmp)
<../res/logo_elecnor_deimos.png>
File: ../res/DEC_Logo_White.png Graphic file (type bmp)
<../res/DEC_Logo_White.png>


Package Fancyhdr Warning: \headheight is too small (12.0pt): 
Make it at least 32.05pt.
We now make it that large for the rest of the document.
This may cause the page layout to be inconsistent, however.

[2]
File: ../res/logo_elecnor_deimos.png Graphic file (type bmp)
<../res/logo_elecnor_deimos.png>
File: ../res/DEC_Logo_White.png Graphic file (type bmp)
<../res/DEC_Logo_White.png>
 [3]
File: ../res/logo_elecnor_deimos.png Graphic file (type bmp)
<../res/logo_elecnor_deimos.png>
File: ../res/DEC_Logo_White.png Graphic file (type bmp)
<../res/DEC_Logo_White.png>
 [4]
File: ../res/logo_elecnor_deimos.png Graphic file (type bmp)
<../res/logo_elecnor_deimos.png>
File: ../res/DEC_Logo_White.png Graphic file (type bmp)
<../res/DEC_Logo_White.png>
 [5]
File: ../res/logo_elecnor_deimos.png Graphic file (type bmp)
<../res/logo_elecnor_deimos.png>
File: ../res/DEC_Logo_White.png Graphic file (type bmp)
<../res/DEC_Logo_White.png>
 [6])
\tf@toc=\write5
\openout5 = `dec_sum_main.toc'.

File: ../res/logo_elecnor_deimos.png Graphic file (type bmp)
<../res/logo_elecnor_deimos.png>
File: ../res/DEC_Logo_White.png Graphic file (type bmp)
<../res/DEC_Logo_White.png>
 [7]
Chapter 1.
(./dec_acronyms.tex [8

]
File: ../res/logo_elecnor_deimos.png Graphic file (type bmp)
<../res/logo_elecnor_deimos.png>
File: ../res/DEC_Logo_White.png Graphic file (type bmp)
<../res/DEC_Logo_White.png>
 [9])
File: ../res/logo_elecnor_deimos.png Graphic file (type bmp)
<../res/logo_elecnor_deimos.png>
File: ../res/DEC_Logo_White.png Graphic file (type bmp)
<../res/DEC_Logo_White.png>
 [10]
Chapter 2.
(./dec_introduction.tex
Underfull \hbox (badness 10000) in paragraph at lines 16--17

 []


Underfull \hbox (badness 10000) in paragraph at lines 18--20

 []

File: ../res/DEC_Context_Diagram.png Graphic file (type bmp)
<../res/DEC_Context_Diagram.png>
[11

]
File: ../res/logo_elecnor_deimos.png Graphic file (type bmp)
<../res/logo_elecnor_deimos.png>
File: ../res/DEC_Logo_White.png Graphic file (type bmp)
<../res/DEC_Logo_White.png>
 [12])
File: ../res/logo_elecnor_deimos.png Graphic file (type bmp)
<../res/logo_elecnor_deimos.png>
File: ../res/DEC_Logo_White.png Graphic file (type bmp)
<../res/DEC_Logo_White.png>
 [13]
Chapter 3.
(./dec_install.tex
Underfull \hbox (badness 10000) in paragraph at lines 16--17

 []

(/usr/local/texlive/2019/texmf-dist/tex/latex/listings/lstlang1.sty
File: lstlang1.sty 2019/02/27 1.8b listings language file
)
(/usr/local/texlive/2019/texmf-dist/tex/latex/listings/lstlang1.sty
File: lstlang1.sty 2019/02/27 1.8b listings language file
)
Underfull \hbox (badness 10000) in paragraph at lines 19--30

 []


Underfull \hbox (badness 10000) in paragraph at lines 35--36

 []


Underfull \hbox (badness 10000) in paragraph at lines 43--45

 []

[14

]
Underfull \hbox (badness 10000) in paragraph at lines 50--51

 []


Underfull \hbox (badness 10000) in paragraph at lines 54--55

 []


Underfull \hbox (badness 10000) in paragraph at lines 61--62

 []


Underfull \hbox (badness 10000) in paragraph at lines 64--66

 []


Underfull \hbox (badness 10000) in paragraph at lines 95--97

 []


Underfull \hbox (badness 10000) in paragraph at lines 98--99

 []


Underfull \hbox (badness 10000) in paragraph at lines 101--102

 []


Underfull \hbox (badness 10000) in paragraph at lines 109--111

 []

File: ../res/logo_elecnor_deimos.png Graphic file (type bmp)
<../res/logo_elecnor_deimos.png>
File: ../res/DEC_Logo_White.png Graphic file (type bmp)
<../res/DEC_Logo_White.png>
[15]
Underfull \hbox (badness 10000) in paragraph at lines 113--114

 []


Underfull \hbox (badness 10000) in paragraph at lines 115--117

 []


Underfull \hbox (badness 10000) in paragraph at lines 122--123

 []


Underfull \hbox (badness 10000) in paragraph at lines 124--125

 []


Underfull \hbox (badness 10000) in paragraph at lines 135--136

 []


Underfull \hbox (badness 10000) in paragraph at lines 140--142

 []


Underfull \hbox (badness 10000) in paragraph at lines 143--145

 []


Underfull \hbox (badness 10000) in paragraph at lines 147--148

 []


Underfull \hbox (badness 10000) in paragraph at lines 149--150

 []


Underfull \hbox (badness 10000) in paragraph at lines 151--152

 []

File: ../res/logo_elecnor_deimos.png Graphic file (type bmp)
<../res/logo_elecnor_deimos.png>
File: ../res/DEC_Logo_White.png Graphic file (type bmp)
<../res/DEC_Logo_White.png>
[16]
Underfull \hbox (badness 10000) in paragraph at lines 153--155

 []


Underfull \hbox (badness 10000) in paragraph at lines 156--157

 []


Overfull \hbox (1135.74632pt too wide) in paragraph at lines 172--172
[]\TU/lmtt/m/n/10 decValidateConfig, decCheckConfig, decCheckSent, decConfigInt
erface2DB, decDeliverFiles, decGetFiles4Transfer, decGetFromInterface, decListe
ner, decManageDB, decNotify2Interface, decSend2Interface, decSmokeTests, decSta
ts, decUnitTests, decUnitTests_IERS, decUnitTests_ncftpput, decUnitTests_mail[]
 
 []


Overfull \hbox (13.73537pt too wide) in paragraph at lines 194--195
[][]\TU/lmr/m/it/10 sqlite3[] \TU/lmr/m/n/10 : is an in-process library that im
plements a self-contained, serverless, zero-configuration,
 []

File: ../res/logo_elecnor_deimos.png Graphic file (type bmp)
<../res/logo_elecnor_deimos.png>
File: ../res/DEC_Logo_White.png Graphic file (type bmp)
<../res/DEC_Logo_White.png>
[17]
Underfull \hbox (badness 10000) in paragraph at lines 228--229

 []


Underfull \hbox (badness 10000) in paragraph at lines 234--235

 []


Underfull \hbox (badness 10000) in paragraph at lines 237--238

 []

File: ../res/logo_elecnor_deimos.png Graphic file (type bmp)
<../res/logo_elecnor_deimos.png>
File: ../res/DEC_Logo_White.png Graphic file (type bmp)
<../res/DEC_Logo_White.png>
[18]
Overfull \hbox (395.49632pt too wide) in paragraph at lines 245--246
[][][][]\TU/lmtt/m/n/10 -------------------------------------------------------
-------------------------------------------------------------------------------
---------------------[] 
 []


Overfull \hbox (109.7517pt too wide) in paragraph at lines 246--247
[][][][][][][][][][][][][][][][][][][][][][][][][][][][][][][][][][][][] 
 []


Overfull \hbox (395.49632pt too wide) in paragraph at lines 248--249
[][][][]\TU/lmtt/m/n/10 -------------------------------------------------------
-------------------------------------------------------------------------------
---------------------[] 
 []


Underfull \hbox (badness 10000) in paragraph at lines 253--254

 []


Underfull \hbox (badness 10000) in paragraph at lines 255--256

 []


Overfull \hbox (395.49632pt too wide) in paragraph at lines 260--261
[][][][]\TU/lmtt/m/n/10 -------------------------------------------------------
-------------------------------------------------------------------------------
---------------------[] 
 []


Overfull \hbox (97.75157pt too wide) in paragraph at lines 261--262
[][][][][][][][][][][][][][][][][][][][][][][][][][][][][][][][][][][][] 
 []


Overfull \hbox (395.49632pt too wide) in paragraph at lines 263--264
[][][][]\TU/lmtt/m/n/10 -------------------------------------------------------
-------------------------------------------------------------------------------
---------------------[] 
 []


Underfull \hbox (badness 10000) in paragraph at lines 271--272

 []


Overfull \hbox (395.49632pt too wide) in paragraph at lines 276--277
[][][][]\TU/lmtt/m/n/10 -------------------------------------------------------
-------------------------------------------------------------------------------
---------------------[] 
 []


Overfull \hbox (97.75157pt too wide) in paragraph at lines 277--278
[][][][][][][][][][][][][][][][][][][][][][][][][][][][][][][][][][][][] 
 []


Overfull \hbox (395.49632pt too wide) in paragraph at lines 279--280
[][][][]\TU/lmtt/m/n/10 -------------------------------------------------------
-------------------------------------------------------------------------------
---------------------[] 
 []

)
File: ../res/logo_elecnor_deimos.png Graphic file (type bmp)
<../res/logo_elecnor_deimos.png>
File: ../res/DEC_Logo_White.png Graphic file (type bmp)
<../res/DEC_Logo_White.png>
 [19]
File: ../res/logo_elecnor_deimos.png Graphic file (type bmp)
<../res/logo_elecnor_deimos.png>
File: ../res/DEC_Logo_White.png Graphic file (type bmp)
<../res/DEC_Logo_White.png>
 [20]
Chapter 4.
(./dec_configuration.tex [21

]
File: ../res/logo_elecnor_deimos.png Graphic file (type bmp)
<../res/logo_elecnor_deimos.png>
File: ../res/DEC_Logo_White.png Graphic file (type bmp)
<../res/DEC_Logo_White.png>
 [22]
File: ../res/logo_elecnor_deimos.png Graphic file (type bmp)
<../res/logo_elecnor_deimos.png>
File: ../res/DEC_Logo_White.png Graphic file (type bmp)
<../res/DEC_Logo_White.png>
 [23]
File: ../res/logo_elecnor_deimos.png Graphic file (type bmp)
<../res/logo_elecnor_deimos.png>
File: ../res/DEC_Logo_White.png Graphic file (type bmp)
<../res/DEC_Logo_White.png>
 [24]
File: ../res/logo_elecnor_deimos.png Graphic file (type bmp)
<../res/logo_elecnor_deimos.png>
File: ../res/DEC_Logo_White.png Graphic file (type bmp)
<../res/DEC_Logo_White.png>
 [25]
Overfull \hbox (1.7506pt too wide) in paragraph at lines 271--273
[][][][][][][][][][][][][][][][][][][][][][] 
 []

File: ../res/logo_elecnor_deimos.png Graphic file (type bmp)
<../res/logo_elecnor_deimos.png>
File: ../res/DEC_Logo_White.png Graphic file (type bmp)
<../res/DEC_Logo_White.png>
[26]
File: ../res/logo_elecnor_deimos.png Graphic file (type bmp)
<../res/logo_elecnor_deimos.png>
File: ../res/DEC_Logo_White.png Graphic file (type bmp)
<../res/DEC_Logo_White.png>
 [27]
File: ../res/logo_elecnor_deimos.png Graphic file (type bmp)
<../res/logo_elecnor_deimos.png>
File: ../res/DEC_Logo_White.png Graphic file (type bmp)
<../res/DEC_Logo_White.png>
 [28]
File: ../res/logo_elecnor_deimos.png Graphic file (type bmp)
<../res/logo_elecnor_deimos.png>
File: ../res/DEC_Logo_White.png Graphic file (type bmp)
<../res/DEC_Logo_White.png>
 [29]
File: ../res/logo_elecnor_deimos.png Graphic file (type bmp)
<../res/logo_elecnor_deimos.png>
File: ../res/DEC_Logo_White.png Graphic file (type bmp)
<../res/DEC_Logo_White.png>
 [30]
Overfull \hbox (1.7506pt too wide) in paragraph at lines 489--491
[][][][][][][][][][][][][][][][][][][][][][] 
 []


Overfull \hbox (67.75127pt too wide) in paragraph at lines 493--494
[][][][][][][][][][][][][][][] 
 []


Overfull \hbox (31.7509pt too wide) in paragraph at lines 494--495
[][][][][][][][][][][][][][][][][] 
 []


Overfull \hbox (85.75145pt too wide) in paragraph at lines 495--496
[][][][][][][][][][][][][][][][][][][] 
 []


Overfull \hbox (85.75145pt too wide) in paragraph at lines 500--501
[][][][][][][][][][][][][][][] 
 []

File: ../res/logo_elecnor_deimos.png Graphic file (type bmp)
<../res/logo_elecnor_deimos.png>
File: ../res/DEC_Logo_White.png Graphic file (type bmp)
<../res/DEC_Logo_White.png>
[31]
Underfull \hbox (badness 10000) in paragraph at lines 534--535

 []


Underfull \hbox (badness 10000) in paragraph at lines 549--550

 []


Overfull \hbox (33.96634pt too wide) in paragraph at lines 553--554
\TU/lmr/m/n/10 It is also possible to register the interface identifiers accord
ing to its name definition in \TU/lmr/m/it/10 dec_interfaces.xml\TU/lmr/m/n/10 
: 
 []


Underfull \hbox (badness 10000) in paragraph at lines 561--562

 []


Underfull \hbox (badness 10000) in paragraph at lines 577--579

 []

File: ../res/logo_elecnor_deimos.png Graphic file (type bmp)
<../res/logo_elecnor_deimos.png>
File: ../res/DEC_Logo_White.png Graphic file (type bmp)
<../res/DEC_Logo_White.png>
[32]
Underfull \hbox (badness 10000) in paragraph at lines 618--619

 []


Underfull \hbox (badness 10000) in paragraph at lines 624--625

 []


Underfull \hbox (badness 10000) in paragraph at lines 632--633

 []

File: ../res/logo_elecnor_deimos.png Graphic file (type bmp)
<../res/logo_elecnor_deimos.png>
File: ../res/DEC_Logo_White.png Graphic file (type bmp)
<../res/DEC_Logo_White.png>
[33]
Underfull \hbox (badness 10000) in paragraph at lines 639--640

 []

)
File: ../res/logo_elecnor_deimos.png Graphic file (type bmp)
<../res/logo_elecnor_deimos.png>
File: ../res/DEC_Logo_White.png Graphic file (type bmp)
<../res/DEC_Logo_White.png>
 [34]
Chapter 5.
(./dec_supported_protocols.tex [35

]
File: ../res/logo_elecnor_deimos.png Graphic file (type bmp)
<../res/logo_elecnor_deimos.png>
File: ../res/DEC_Logo_White.png Graphic file (type bmp)
<../res/DEC_Logo_White.png>
 [36])
File: ../res/logo_elecnor_deimos.png Graphic file (type bmp)
<../res/logo_elecnor_deimos.png>
File: ../res/DEC_Logo_White.png Graphic file (type bmp)
<../res/DEC_Logo_White.png>
 [37]
Chapter 6.
(./dec_reference_workflows.tex
Underfull \hbox (badness 10000) in paragraph at lines 27--28

 []


Underfull \hbox (badness 10000) in paragraph at lines 29--31

 []


Underfull \hbox (badness 10000) in paragraph at lines 42--43

 []

[38

])
File: ../res/logo_elecnor_deimos.png Graphic file (type bmp)
<../res/logo_elecnor_deimos.png>
File: ../res/DEC_Logo_White.png Graphic file (type bmp)
<../res/DEC_Logo_White.png>
 [39]
Chapter 7.
(./dec_reference_log_messages.tex [40

]
File: ../res/logo_elecnor_deimos.png Graphic file (type bmp)
<../res/logo_elecnor_deimos.png>
File: ../res/DEC_Logo_White.png Graphic file (type bmp)
<../res/DEC_Logo_White.png>
 [41]
File: ../res/logo_elecnor_deimos.png Graphic file (type bmp)
<../res/logo_elecnor_deimos.png>
File: ../res/DEC_Logo_White.png Graphic file (type bmp)
<../res/DEC_Logo_White.png>
 [42]
Overfull \hbox (1.74632pt too wide) in paragraph at lines 145--145
[]\TU/lmtt/m/n/10 [DEC_130] LEAP I/F : event newfile2intray => auxConverter -f 
/S3/Leap_Second.dat 
 []

File: ../res/logo_elecnor_deimos.png Graphic file (type bmp)
<../res/logo_elecnor_deimos.png>
File: ../res/DEC_Logo_White.png Graphic file (type bmp)
<../res/DEC_Logo_White.png>
[43]
File: ../res/logo_elecnor_deimos.png Graphic file (type bmp)
<../res/logo_elecnor_deimos.png>
File: ../res/DEC_Logo_White.png Graphic file (type bmp)
<../res/DEC_Logo_White.png>
 [44]
Overfull \hbox (5.56235pt too wide) in paragraph at lines 206--206
|[]\TU/lmr/bx/n/12 [DEC_214] Push Setup / File Compressed at Interface LocalOut
-
 []

File: ../res/logo_elecnor_deimos.png Graphic file (type bmp)
<../res/logo_elecnor_deimos.png>
File: ../res/DEC_Logo_White.png Graphic file (type bmp)
<../res/DEC_Logo_White.png>
[45]
File: ../res/logo_elecnor_deimos.png Graphic file (type bmp)
<../res/logo_elecnor_deimos.png>
File: ../res/DEC_Logo_White.png Graphic file (type bmp)
<../res/DEC_Logo_White.png>
 [46]
File: ../res/logo_elecnor_deimos.png Graphic file (type bmp)
<../res/logo_elecnor_deimos.png>
File: ../res/DEC_Logo_White.png Graphic file (type bmp)
<../res/DEC_Logo_White.png>
 [47]
File: ../res/logo_elecnor_deimos.png Graphic file (type bmp)
<../res/logo_elecnor_deimos.png>
File: ../res/DEC_Logo_White.png Graphic file (type bmp)
<../res/DEC_Logo_White.png>
 [48]
File: ../res/logo_elecnor_deimos.png Graphic file (type bmp)
<../res/logo_elecnor_deimos.png>
File: ../res/DEC_Logo_White.png Graphic file (type bmp)
<../res/DEC_Logo_White.png>
 [49]
File: ../res/logo_elecnor_deimos.png Graphic file (type bmp)
<../res/logo_elecnor_deimos.png>
File: ../res/DEC_Logo_White.png Graphic file (type bmp)
<../res/DEC_Logo_White.png>
 [50]
Overfull \hbox (69.99632pt too wide) in paragraph at lines 404--404
[]\TU/lmtt/m/n/10 [DEC_611] I/F LOCALHOST_NOT_SECURE: getaddrinfo: nodename nor
 servname provided, or not known 
 []


Overfull \hbox (22.74632pt too wide) in paragraph at lines 409--409
[]\TU/lmtt/m/n/10 [DEC_611] I/F LOCALHOST_NOT_SECURE: Connection refused - conn
ect(2) for 127.0.0.1:21 
 []


Overfull \hbox (75.24632pt too wide) in paragraph at lines 430--430
[]\TU/lmtt/m/n/10 [DEC_613] LOCALHOST I/F: 550 Can't change directory to /a/if/
local/: No such file or directory 
 []

File: ../res/logo_elecnor_deimos.png Graphic file (type bmp)
<../res/logo_elecnor_deimos.png>
File: ../res/DEC_Logo_White.png Graphic file (type bmp)
<../res/DEC_Logo_White.png>
[51]
File: ../res/logo_elecnor_deimos.png Graphic file (type bmp)
<../res/logo_elecnor_deimos.png>
File: ../res/DEC_Logo_White.png Graphic file (type bmp)
<../res/DEC_Logo_White.png>
 [52]
File: ../res/logo_elecnor_deimos.png Graphic file (type bmp)
<../res/logo_elecnor_deimos.png>
File: ../res/DEC_Logo_White.png Graphic file (type bmp)
<../res/DEC_Logo_White.png>
 [53]
Overfull \hbox (169.74632pt too wide) in paragraph at lines 544--544
[]\TU/lmtt/m/n/10 [ERROR] 2020-04-14 18:44:38 NODE_1.mail - [DEC_742] LOCALHOST
_NOT_SECURE I/F: Username and Password not accepted 
 []


Overfull \hbox (290.49632pt too wide) in paragraph at lines 550--550
[]\TU/lmtt/m/n/10 [ERROR] 2020-04-14 18:49:42 NODE_1.mail - [DEC_742] LOCALHOST
_NOT_SECURE I/F: getaddrinfo: nodename nor servname provided, or not known 
 []


Overfull \hbox (80.49632pt too wide) in paragraph at lines 555--555
[]\TU/lmtt/m/n/10 [ERROR] 2020-04-14 18:56:31 NODE_1.mail - [DEC_742] LOCALHOST
_NOT_SECURE I/F: execution expired 
 []


Overfull \hbox (174.99632pt too wide) in paragraph at lines 560--560
[]\TU/lmtt/m/n/10 [ERROR] 2020-04-14 18:58:58 NODE_1.mail - [DEC_742] LOCALHOST
_NOT_SECURE I/F: Must issue a STARTTLS command first 
 []


Overfull \hbox (190.74632pt too wide) in paragraph at lines 567--567
[]\TU/lmtt/m/n/10 [ERROR] [DEC_750] I/F NOAA: EventManager failed execution of 
auxConverter / No such file or directory - auxConverter 
 []


Overfull \hbox (1009.74632pt too wide) in paragraph at lines 575--575
[]\TU/lmtt/m/n/10 [DEBUG] NODE_1.checker - xmllint --schema /Users/mario/.frum/
versions/3.1.0/lib/ruby/gems/3.1.0/gems/dec-1.0.33/code/dec/../../schemas/dec_l
og_config.xsd /Users/mario/.frum/versions/3.1.0/lib/ruby/gems/3.1.0/gems/dec-1.
0.33/code/dec/../../config/dec_log_config.xml --noout 
 []

File: ../res/logo_elecnor_deimos.png Graphic file (type bmp)
<../res/logo_elecnor_deimos.png>
File: ../res/DEC_Logo_White.png Graphic file (type bmp)
<../res/DEC_Logo_White.png>
[54]
Overfull \hbox (85.74632pt too wide) in paragraph at lines 609--609
[]\TU/lmtt/m/n/10 [DEC_799] Fatal Error : compress method #{compress} not suppo
rted / check dec_outgoing_files.xml 
 []


Overfull \hbox (117.24632pt too wide) in paragraph at lines 621--621
[]\TU/lmtt/m/n/10 [DEC_799] I/F #{entity}: No such file or directory @ dir_s_ch
dir - /volume1/dec/interfaces/dhus_odata/ 
 []

File: ../res/logo_elecnor_deimos.png Graphic file (type bmp)
<../res/logo_elecnor_deimos.png>
File: ../res/DEC_Logo_White.png Graphic file (type bmp)
<../res/DEC_Logo_White.png>
[55]
Underfull \hbox (badness 10000) in paragraph at lines 632--633

 []

File: ../res/logo_elecnor_deimos.png Graphic file (type bmp)
<../res/logo_elecnor_deimos.png>
File: ../res/DEC_Logo_White.png Graphic file (type bmp)
<../res/DEC_Logo_White.png>
[56])
File: ../res/logo_elecnor_deimos.png Graphic file (type bmp)
<../res/logo_elecnor_deimos.png>
File: ../res/DEC_Logo_White.png Graphic file (type bmp)
<../res/DEC_Logo_White.png>
 [57]
Chapter 8.
(./dec_reference_commands.tex
Underfull \hbox (badness 10000) in paragraph at lines 21--22

 []

[58

]
Overfull \hbox (12.24632pt too wide) in paragraph at lines 45--45
[]\TU/lmtt/m/n/10 With this option the Interfaces (Entities) configuration file
 (dec_interfaces.xml)[] 
 []


Overfull \hbox (22.74632pt too wide) in paragraph at lines 55--55
[]\TU/lmtt/m/n/10 With this option the Incoming file-types configuration file (
dec_incoming_files.xml)[] 
 []


Overfull \hbox (22.74632pt too wide) in paragraph at lines 60--60
[]\TU/lmtt/m/n/10 With this option the Outgoing file-types configuration file (
dec_outgoing_files.xml)[] 
 []


Overfull \hbox (17.49632pt too wide) in paragraph at lines 83--83
[]\TU/lmtt/m/n/10 -i          Check the incoming file-types configuration file 
dec_incoming_files.xml[] 
 []


Overfull \hbox (17.49632pt too wide) in paragraph at lines 84--84
[]\TU/lmtt/m/n/10 -i          Check the outgoing file-types configuration file 
dec_outgoing_files.xml[] 
 []

File: ../res/logo_elecnor_deimos.png Graphic file (type bmp)
<../res/logo_elecnor_deimos.png>
File: ../res/DEC_Logo_White.png Graphic file (type bmp)
<../res/DEC_Logo_White.png>
[59

]
File: ../res/logo_elecnor_deimos.png Graphic file (type bmp)
<../res/logo_elecnor_deimos.png>
File: ../res/DEC_Logo_White.png Graphic file (type bmp)
<../res/DEC_Logo_White.png>
 [60]
Overfull \hbox (22.74632pt too wide) in paragraph at lines 107--107
[]\TU/lmtt/m/n/10 DEC configuration is distributed amongst different XML files.
 The information set up[] 
 []


Overfull \hbox (48.99632pt too wide) in paragraph at lines 108--108
[]\TU/lmtt/m/n/10 must be coherent. This tool ensures that all configuration cr
itical elements are correct.[] 
 []


Overfull \hbox (27.99632pt too wide) in paragraph at lines 114--114
[]\TU/lmtt/m/n/10 With this option the Interfaces (Entities) configuration plac
ed in dec_interfaces.xml[] 
 []


Overfull \hbox (85.74632pt too wide) in paragraph at lines 117--117
[]\TU/lmtt/m/n/10 (Note: if the network link to a given I/F is broken, the tool
 will not be able to connect and it[] 
 []


Overfull \hbox (75.24632pt too wide) in paragraph at lines 123--123
[]\TU/lmtt/m/n/10 With this option the Incoming file-types registered in the de
c_incoming_files.xml are checked.[] 
 []


Overfull \hbox (90.99632pt too wide) in paragraph at lines 124--124
[]\TU/lmtt/m/n/10 Mainly what it is done is to check that the interfaces from a
 File is retrieved are configured in[] 
 []


Overfull \hbox (43.74632pt too wide) in paragraph at lines 130--130
[]\TU/lmtt/m/n/10 With this option the DEC Mail configuration placed in the ft_
mail_config.xml is checked.[] 
 []


Overfull \hbox (33.24632pt too wide) in paragraph at lines 135--135
[]\TU/lmtt/m/n/10 With this option the DCC Services configured in the dcc_servi
ces.xml file are checked.[] 
 []


Overfull \hbox (59.49632pt too wide) in paragraph at lines 136--136
[]\TU/lmtt/m/n/10 The check performed with this flag is that the executable set
 in the command of the service[] 
 []


Overfull \hbox (43.74632pt too wide) in paragraph at lines 142--142
[]\TU/lmtt/m/n/10 With this option the In-Trays configured in the dec_incoming_
files.xml file are checked.[] 
 []

File: ../res/logo_elecnor_deimos.png Graphic file (type bmp)
<../res/logo_elecnor_deimos.png>
File: ../res/DEC_Logo_White.png Graphic file (type bmp)
<../res/DEC_Logo_White.png>
[61

]
File: ../res/logo_elecnor_deimos.png Graphic file (type bmp)
<../res/logo_elecnor_deimos.png>
File: ../res/DEC_Logo_White.png Graphic file (type bmp)
<../res/DEC_Logo_White.png>
 [62]
Overfull \hbox (6.99632pt too wide) in paragraph at lines 180--180
[]\TU/lmtt/m/n/10 This is a DEC command line tool that lists the contents of th
e <Upload> directory[] 
 []

File: ../res/logo_elecnor_deimos.png Graphic file (type bmp)
<../res/logo_elecnor_deimos.png>
File: ../res/DEC_Logo_White.png Graphic file (type bmp)
<../res/DEC_Logo_White.png>
[63

]
Overfull \hbox (111.99632pt too wide) in paragraph at lines 206--206
[]\TU/lmtt/m/n/10 This is a Data Exchange Component command line tool that sync
hronizes the Entities configuration file[] 
 []


Overfull \hbox (6.99632pt too wide) in paragraph at lines 207--207
[]\TU/lmtt/m/n/10 with DEC Inventory. It extracts all the I/Fs from the dec_int
erfaces.xml file and[] 
 []


Overfull \hbox (43.74632pt too wide) in paragraph at lines 210--210
[]\TU/lmtt/m/n/10 As well it allows to specify a new I/F mnemonic to be loaded 
into the DEC Inventory with[] 
 []

File: ../res/logo_elecnor_deimos.png Graphic file (type bmp)
<../res/logo_elecnor_deimos.png>
File: ../res/DEC_Logo_White.png Graphic file (type bmp)
<../res/DEC_Logo_White.png>
[64

]
Overfull \hbox (1.74632pt too wide) in paragraph at lines 251--251
[]\TU/lmtt/m/n/10 The "ONCE" flag registers in the Inventory all the files sent
. As well it checks[] 
 []

File: ../res/logo_elecnor_deimos.png Graphic file (type bmp)
<../res/logo_elecnor_deimos.png>
File: ../res/DEC_Logo_White.png Graphic file (type bmp)
<../res/DEC_Logo_White.png>
[65

]
Overfull \hbox (54.24632pt too wide) in paragraph at lines 287--287
[]\TU/lmtt/m/n/10 With this option, only "List" of new availables files for Ret
rieving and Tracking is done.[] 
 []


Overfull \hbox (111.99632pt too wide) in paragraph at lines 288--288
[]\TU/lmtt/m/n/10 This flag overrides configuration flags RegisterContentFlag R
etrieveContentFlag in dec_interfaces.xml[] 
 []


Overfull \hbox (22.74632pt too wide) in paragraph at lines 299--299
[]\TU/lmtt/m/n/10 It overrides the dcc_config.xml configuration parameter Delet
eUnknown and explicitly[] 
 []

File: ../res/logo_elecnor_deimos.png Graphic file (type bmp)
<../res/logo_elecnor_deimos.png>
File: ../res/DEC_Logo_White.png Graphic file (type bmp)
<../res/DEC_Logo_White.png>
[66

]
Overfull \hbox (43.74632pt too wide) in paragraph at lines 353--353
[]\TU/lmtt/m/n/10 --query prip:S2B_OPER_MSI_L0__DS_VGS2_20201028T163228_S202010
28T144729_N02.09:MSI_L0__GR[] 
 []


Overfull \hbox (159.24632pt too wide) in paragraph at lines 356--356
[]\TU/lmtt/m/n/10 decODataClient -u <user> -p <pass> -q prip:S2B_OPER_MSI_L0__D
S_VGS1_20210126T095435_S20210126T080454_N02.09 -V[] 
 []


LaTeX Warning: Characters dropped after `\end{verbatim}' on input line 369.

File: ../res/logo_elecnor_deimos.png Graphic file (type bmp)
<../res/logo_elecnor_deimos.png>
File: ../res/DEC_Logo_White.png Graphic file (type bmp)
<../res/DEC_Logo_White.png>
[67

]
Overfull \hbox (17.49632pt too wide) in paragraph at lines 386--386
[]\TU/lmtt/m/n/10 Alternatively the listener settings can be overriden with the
 command line options.[] 
 []


Overfull \hbox (17.49632pt too wide) in paragraph at lines 396--396
[]\TU/lmtt/m/n/10 --interval            the frequency it is polled I/F given by
 MNEMONIC (in seconds)[] 
 []

File: ../res/logo_elecnor_deimos.png Graphic file (type bmp)
<../res/logo_elecnor_deimos.png>
File: ../res/DEC_Logo_White.png Graphic file (type bmp)
<../res/DEC_Logo_White.png>
[68

]
File: ../res/logo_elecnor_deimos.png Graphic file (type bmp)
<../res/logo_elecnor_deimos.png>
File: ../res/DEC_Logo_White.png Graphic file (type bmp)
<../res/DEC_Logo_White.png>
 [69

]
Overfull \hbox (75.24632pt too wide) in paragraph at lines 436--436
[]\TU/lmtt/m/n/10 --OK        notify success in the delivery to the I/F -f full
_path_filelist list of files send[] 
 []


Overfull \hbox (143.49632pt too wide) in paragraph at lines 437--437
[]\TU/lmtt/m/n/10 --KO        notify failure in the delivery to the I/F -f full
_path_filelist list of files failed to be sent[] 
 []

File: ../res/logo_elecnor_deimos.png Graphic file (type bmp)
<../res/logo_elecnor_deimos.png>
File: ../res/DEC_Logo_White.png Graphic file (type bmp)
<../res/DEC_Logo_White.png>
[70

]
Overfull \hbox (64.74632pt too wide) in paragraph at lines 453--453
[]\TU/lmtt/m/n/10 Files sent can be registered in an Inventory and the delivery
 date is set to the latest one.[] 
 []

File: ../res/logo_elecnor_deimos.png Graphic file (type bmp)
<../res/logo_elecnor_deimos.png>
File: ../res/DEC_Logo_White.png Graphic file (type bmp)
<../res/DEC_Logo_White.png>
[71

]
File: ../res/logo_elecnor_deimos.png Graphic file (type bmp)
<../res/logo_elecnor_deimos.png>
File: ../res/DEC_Logo_White.png Graphic file (type bmp)
<../res/DEC_Logo_White.png>
 [72

]
Overfull \hbox (22.74632pt too wide) in paragraph at lines 548--548
[]\TU/lmtt/m/n/10 With this option the Incoming file-types configuration file (
dec_incoming_files.xml)[] 
 []


Overfull \hbox (22.74632pt too wide) in paragraph at lines 553--553
[]\TU/lmtt/m/n/10 With this option the Outgoing file-types configuration file (
dec_outgoing_files.xml)[] 
 []

File: ../res/logo_elecnor_deimos.png Graphic file (type bmp)
<../res/logo_elecnor_deimos.png>
File: ../res/DEC_Logo_White.png Graphic file (type bmp)
<../res/DEC_Logo_White.png>
[73

])
File: ../res/logo_elecnor_deimos.png Graphic file (type bmp)
<../res/logo_elecnor_deimos.png>
File: ../res/DEC_Logo_White.png Graphic file (type bmp)
<../res/DEC_Logo_White.png>
 [74]
Chapter 9.
(./dec_reference_tests.tex
Underfull \hbox (badness 10000) in paragraph at lines 19--20

 []


Underfull \hbox (badness 10000) in paragraph at lines 22--24

 []


Underfull \hbox (badness 10000) in paragraph at lines 26--28

 []


Underfull \hbox (badness 10000) in paragraph at lines 30--32

 []

[75

]
Underfull \hbox (badness 10000) in paragraph at lines 40--41

 []


Underfull \hbox (badness 10000) in paragraph at lines 42--43

 []


Underfull \hbox (badness 10000) in paragraph at lines 51--52

 []


Underfull \hbox (badness 10000) in paragraph at lines 53--54

 []


Underfull \hbox (badness 10000) in paragraph at lines 55--56

 []


Underfull \hbox (badness 10000) in paragraph at lines 58--59

 []


Underfull \hbox (badness 10000) in paragraph at lines 60--61

 []


Underfull \hbox (badness 10000) in paragraph at lines 62--63

 []


Underfull \hbox (badness 10000) in paragraph at lines 65--66

 []

File: ../res/logo_elecnor_deimos.png Graphic file (type bmp)
<../res/logo_elecnor_deimos.png>
File: ../res/DEC_Logo_White.png Graphic file (type bmp)
<../res/DEC_Logo_White.png>
[76

]
Underfull \hbox (badness 10000) in paragraph at lines 67--68

 []


Underfull \hbox (badness 10000) in paragraph at lines 69--70

 []


Underfull \hbox (badness 10000) in paragraph at lines 79--80

 []


Underfull \hbox (badness 10000) in paragraph at lines 81--82

 []


Underfull \hbox (badness 10000) in paragraph at lines 83--84

 []


Underfull \hbox (badness 10000) in paragraph at lines 86--87

 []


Underfull \hbox (badness 10000) in paragraph at lines 88--89

 []


Underfull \hbox (badness 10000) in paragraph at lines 90--91

 []


Underfull \hbox (badness 10000) in paragraph at lines 94--95

 []


Underfull \hbox (badness 10000) in paragraph at lines 96--97

 []


Underfull \hbox (badness 10000) in paragraph at lines 98--99

 []


Underfull \hbox (badness 10000) in paragraph at lines 103--105

 []

File: ../res/logo_elecnor_deimos.png Graphic file (type bmp)
<../res/logo_elecnor_deimos.png>
File: ../res/DEC_Logo_White.png Graphic file (type bmp)
<../res/DEC_Logo_White.png>
[77]
Underfull \hbox (badness 10000) in paragraph at lines 106--107

 []

File: ../res/logo_elecnor_deimos.png Graphic file (type bmp)
<../res/logo_elecnor_deimos.png>
File: ../res/DEC_Logo_White.png Graphic file (type bmp)
<../res/DEC_Logo_White.png>
[78]
Underfull \hbox (badness 10000) in paragraph at lines 109--110

 []


Overfull \hbox (5.29132pt too wide) in paragraph at lines 117--118
[]\TU/lmr/bx/n/10 decTestInterface_CloudFerro \TU/lmr/m/n/10 : dec_s2_test_push
_lisboa@e2espm-inputhub.gem node
 []

File: ../res/logo_elecnor_deimos.png Graphic file (type bmp)
<../res/logo_elecnor_deimos.png>
File: ../res/DEC_Logo_White.png Graphic file (type bmp)
<../res/DEC_Logo_White.png>
[79

])
File: ../res/logo_elecnor_deimos.png Graphic file (type bmp)
<../res/logo_elecnor_deimos.png>
File: ../res/DEC_Logo_White.png Graphic file (type bmp)
<../res/DEC_Logo_White.png>
 [80

]
Appendix A.
(./dec_config_general.tex [81

]
File: ../res/logo_elecnor_deimos.png Graphic file (type bmp)
<../res/logo_elecnor_deimos.png>
File: ../res/DEC_Logo_White.png Graphic file (type bmp)
<../res/DEC_Logo_White.png>
 [82])
File: ../res/logo_elecnor_deimos.png Graphic file (type bmp)
<../res/logo_elecnor_deimos.png>
File: ../res/DEC_Logo_White.png Graphic file (type bmp)
<../res/DEC_Logo_White.png>
 [83]
Appendix B.
(./dec_config_interfaces.tex [84

])
File: ../res/logo_elecnor_deimos.png Graphic file (type bmp)
<../res/logo_elecnor_deimos.png>
File: ../res/DEC_Logo_White.png Graphic file (type bmp)
<../res/DEC_Logo_White.png>
 [85]
Appendix C.

Overfull \hbox (0.99576pt too wide) in paragraph at lines 168--168
|[]\TU/lmr/bx/n/24.88 Configuration Pull Circulations| 
 []

(./dec_config_pull.tex [86

])
File: ../res/logo_elecnor_deimos.png Graphic file (type bmp)
<../res/logo_elecnor_deimos.png>
File: ../res/DEC_Logo_White.png Graphic file (type bmp)
<../res/DEC_Logo_White.png>
 [87]
Appendix D.

Overfull \hbox (13.23671pt too wide) in paragraph at lines 171--171
|[]\TU/lmr/bx/n/24.88 Configuration Push Circulations| 
 []

(./dec_config_push.tex [88

]
File: ../res/logo_elecnor_deimos.png Graphic file (type bmp)
<../res/logo_elecnor_deimos.png>
File: ../res/DEC_Logo_White.png Graphic file (type bmp)
<../res/DEC_Logo_White.png>
 [89]
File: ../res/logo_elecnor_deimos.png Graphic file (type bmp)
<../res/logo_elecnor_deimos.png>
File: ../res/DEC_Logo_White.png Graphic file (type bmp)
<../res/DEC_Logo_White.png>
 [90])
File: ../res/logo_elecnor_deimos.png Graphic file (type bmp)
<../res/logo_elecnor_deimos.png>
File: ../res/DEC_Logo_White.png Graphic file (type bmp)
<../res/DEC_Logo_White.png>
 [91]
Appendix E.
(./dec_config_log.tex
Underfull \hbox (badness 10000) in paragraph at lines 19--20

 []

[92

]
Overfull \hbox (48.99632pt too wide) in paragraph at lines 53--53
[]      \TU/lmtt/m/n/10 <formatter type="Log4r::PatternFormatter" pattern="[%5l
] %d %c.#{moduleName} - %m">[] 
 []


Overfull \hbox (12.24632pt too wide) in paragraph at lines 61--61
[]      \TU/lmtt/m/n/10 <formatter type="PatternFormatter" pattern="[%5l] %d %c
.#{moduleName} - %m">[] 
 []

)
File: ../res/logo_elecnor_deimos.png Graphic file (type bmp)
<../res/logo_elecnor_deimos.png>
File: ../res/DEC_Logo_White.png Graphic file (type bmp)
<../res/DEC_Logo_White.png>
 [93]
Appendix F.
(./dec_supported_adp.tex
Underfull \hbox (badness 10000) in paragraph at lines 20--21

 []


Underfull \hbox (badness 10000) in paragraph at lines 23--25

 []

[94

]
Underfull \hbox (badness 10000) in paragraph at lines 33--34

 []


Underfull \hbox (badness 10000) in paragraph at lines 36--37

 []


Underfull \hbox (badness 10000) in paragraph at lines 38--39

 []

Missing character: There is no  in font [lmmono8-regular]:!
Missing character: There is no  in font [lmmono8-regular]:!
File: ../res/logo_elecnor_deimos.png Graphic file (type bmp)
<../res/logo_elecnor_deimos.png>
File: ../res/DEC_Logo_White.png Graphic file (type bmp)
<../res/DEC_Logo_White.png>
[95]
Underfull \hbox (badness 10000) in paragraph at lines 115--116

 []


Underfull \hbox (badness 10000) in paragraph at lines 117--118

 []


Underfull \hbox (badness 10000) in paragraph at lines 142--143

 []


Underfull \hbox (badness 10000) in paragraph at lines 144--145

 []

File: ../res/logo_elecnor_deimos.png Graphic file (type bmp)
<../res/logo_elecnor_deimos.png>
File: ../res/DEC_Logo_White.png Graphic file (type bmp)
<../res/DEC_Logo_White.png>
[96]
Underfull \hbox (badness 10000) in paragraph at lines 179--180

 []


Underfull \hbox (badness 10000) in paragraph at lines 181--182

 []

File: ../res/logo_elecnor_deimos.png Graphic file (type bmp)
<../res/logo_elecnor_deimos.png>
File: ../res/DEC_Logo_White.png Graphic file (type bmp)
<../res/DEC_Logo_White.png>
[97]
Underfull \hbox (badness 10000) in paragraph at lines 246--247

 []


Underfull \hbox (badness 10000) in paragraph at lines 251--252

 []

File: ../res/logo_elecnor_deimos.png Graphic file (type bmp)
<../res/logo_elecnor_deimos.png>
File: ../res/DEC_Logo_White.png Graphic file (type bmp)
<../res/DEC_Logo_White.png>
[98]
Underfull \hbox (badness 10000) in paragraph at lines 294--295

 []


Underfull \hbox (badness 10000) in paragraph at lines 296--297

 []


Underfull \hbox (badness 10000) in paragraph at lines 377--378

 []

File: ../res/logo_elecnor_deimos.png Graphic file (type bmp)
<../res/logo_elecnor_deimos.png>
File: ../res/DEC_Logo_White.png Graphic file (type bmp)
<../res/DEC_Logo_White.png>
[99]
Underfull \hbox (badness 10000) in paragraph at lines 379--380

 []

File: ../res/logo_elecnor_deimos.png Graphic file (type bmp)
<../res/logo_elecnor_deimos.png>
File: ../res/DEC_Logo_White.png Graphic file (type bmp)
<../res/DEC_Logo_White.png>
[100]
Underfull \hbox (badness 10000) in paragraph at lines 460--461

 []


Underfull \hbox (badness 10000) in paragraph at lines 462--463

 []

Missing character: There is no  in font [lmmono8-regular]:!
File: ../res/logo_elecnor_deimos.png Graphic file (type bmp)
<../res/logo_elecnor_deimos.png>
File: ../res/DEC_Logo_White.png Graphic file (type bmp)
<../res/DEC_Logo_White.png>
[101]
Underfull \hbox (badness 10000) in paragraph at lines 544--545

 []


Underfull \hbox (badness 10000) in paragraph at lines 546--547

 []

File: ../res/logo_elecnor_deimos.png Graphic file (type bmp)
<../res/logo_elecnor_deimos.png>
File: ../res/DEC_Logo_White.png Graphic file (type bmp)
<../res/DEC_Logo_White.png>
[102]
Underfull \hbox (badness 10000) in paragraph at lines 614--615

 []


Underfull \hbox (badness 10000) in paragraph at lines 618--619

 []

File: ../res/logo_elecnor_deimos.png Graphic file (type bmp)
<../res/logo_elecnor_deimos.png>
File: ../res/DEC_Logo_White.png Graphic file (type bmp)
<../res/DEC_Logo_White.png>
[103]
File: ../res/logo_elecnor_deimos.png Graphic file (type bmp)
<../res/logo_elecnor_deimos.png>
File: ../res/DEC_Logo_White.png Graphic file (type bmp)
<../res/DEC_Logo_White.png>
 [104])
File: ../res/logo_elecnor_deimos.png Graphic file (type bmp)
<../res/logo_elecnor_deimos.png>
File: ../res/DEC_Logo_White.png Graphic file (type bmp)
<../res/DEC_Logo_White.png>
 [105]
Appendix G.
(./dec_version_history.tex
Underfull \hbox (badness 10000) in paragraph at lines 17--19

 []


Underfull \hbox (badness 10000) in paragraph at lines 21--23

 []


Underfull \hbox (badness 10000) in paragraph at lines 25--27

 []

[106

]
File: ../res/logo_elecnor_deimos.png Graphic file (type bmp)
<../res/logo_elecnor_deimos.png>
File: ../res/DEC_Logo_White.png Graphic file (type bmp)
<../res/DEC_Logo_White.png>
 [107])
File: ../res/logo_elecnor_deimos.png Graphic file (type bmp)
<../res/logo_elecnor_deimos.png>
File: ../res/DEC_Logo_White.png Graphic file (type bmp)
<../res/DEC_Logo_White.png>
 [108]
Appendix H.
(./dec_example_docker.tex
Underfull \hbox (badness 10000) in paragraph at lines 17--19

 []

[109

])
File: ../res/logo_elecnor_deimos.png Graphic file (type bmp)
<../res/logo_elecnor_deimos.png>
File: ../res/DEC_Logo_White.png Graphic file (type bmp)
<../res/DEC_Logo_White.png>
 [110]
Appendix I.
(./dec_faq.tex
Underfull \hbox (badness 10000) in paragraph at lines 20--22

 []


Underfull \hbox (badness 10000) in paragraph at lines 23--25

 []


Underfull \hbox (badness 10000) in paragraph at lines 26--28

 []


Underfull \hbox (badness 10000) in paragraph at lines 29--31

 []


Underfull \hbox (badness 10000) in paragraph at lines 49--51

 []

[111

]
Underfull \hbox (badness 10000) in paragraph at lines 64--66

 []


Overfull \hbox (1.31526pt too wide) in paragraph at lines 67--69
   [] \TU/lmr/bx/n/10 I do not find the interface tests tools referenced in the
 Annex - Public Data Providers.[] 
 []


Underfull \hbox (badness 10000) in paragraph at lines 67--69

 []


Underfull \hbox (badness 10000) in paragraph at lines 70--72

 []

File: ../res/logo_elecnor_deimos.png Graphic file (type bmp)
<../res/logo_elecnor_deimos.png>
File: ../res/DEC_Logo_White.png Graphic file (type bmp)
<../res/DEC_Logo_White.png>
[112]
Underfull \hbox (badness 10000) in paragraph at lines 73--75

 []

)
Package atveryend Info: Empty hook `BeforeClearDocument' on input line 189.
File: ../res/logo_elecnor_deimos.png Graphic file (type bmp)
<../res/logo_elecnor_deimos.png>
File: ../res/DEC_Logo_White.png Graphic file (type bmp)
<../res/DEC_Logo_White.png>
 [113]
Package atveryend Info: Empty hook `AfterLastShipout' on input line 189.
 (./dec_sum_main.aux)
Package atveryend Info: Empty hook `AtVeryEndDocument' on input line 189.
Package atveryend Info: Executing hook `AtEndAfterFileList' on input line 189.
Package rerunfilecheck Info: File `dec_sum_main.out' has not changed.
(rerunfilecheck)             Checksum: 48DF1CC31E9D2EF1A88798D2F8BBA9FE.
Package atveryend Info: Empty hook `AtVeryVeryEnd' on input line 189.
 ) 
Here is how much of TeX's memory you used:
 13472 strings out of 492916
 191303 string characters out of 6133345
 525901 words of memory out of 5000000
 17283 multiletter control sequences out of 15000+600000
 4769 words of font info for 34 fonts, out of 8000000 for 9000
 1348 hyphenation exceptions out of 8191
 37i,13n,54p,794b,1809s stack positions out of 5000i,500n,10000p,200000b,80000s

Output written on dec_sum_main.pdf (114 pages).
